2017-03-13 00:04:39,116 [Worker-2] INFO  o.e.m.c.i.l.LifecycleMappingFactory - Using org.eclipse.m2e.jdt.JarLifecycleMapping lifecycle mapping for MavenProject: nashornTest:nashornTest:0.0.1-SNAPSHOT @ C:\dev\react\isomorphic_spring\nashornTest\pom.xml.
2017-03-13 00:04:40,416 [Worker-2] INFO  o.e.m.c.i.e.AbstractTransferListenerAdapter - Downloading https://repo.maven.apache.org/maven2/classworlds/classworlds/1.1-alpha-2/classworlds-1.1-alpha-2.jar
2017-03-13 00:04:40,882 [Worker-2] INFO  o.e.m.c.i.e.AbstractTransferListenerAdapter - Downloaded https://repo.maven.apache.org/maven2/classworlds/classworlds/1.1-alpha-2/classworlds-1.1-alpha-2.jar
2017-03-13 00:04:41,753 [Worker-20] WARN  o.e.m.c.i.embedder.EclipseLogger - Using platform encoding (MS949 actually) to copy filtered resources, i.e. build is platform dependent!
2017-03-13 00:04:41,757 [Worker-20] INFO  o.e.m.c.i.embedder.EclipseLogger - skip non existing resourceDirectory C:\dev\react\isomorphic_spring\nashornTest\src\main\resources
2017-03-13 00:04:41,759 [Worker-20] WARN  o.e.m.c.i.embedder.EclipseLogger - Using platform encoding (MS949 actually) to copy filtered resources, i.e. build is platform dependent!
2017-03-13 00:04:41,762 [Worker-20] INFO  o.e.m.c.i.embedder.EclipseLogger - skip non existing resourceDirectory C:\dev\react\isomorphic_spring\nashornTest\src\test\resources
2017-03-13 00:04:41,784 [Worker-2] INFO  o.e.m.j.i.AbstractJavaProjectConfigurator - Adding source folder /nashornTest/src
2017-03-13 00:04:41,785 [Worker-2] INFO  o.e.m.j.i.AbstractJavaProjectConfigurator - Not adding source folder /nashornTest/src/test/java because it overlaps with /nashornTest/src
2017-03-13 00:04:41,859 [Worker-2] INFO  o.e.m.c.i.p.ProjectConfigurationManager - Update started
2017-03-13 00:04:42,212 [Worker-2] INFO  o.e.m.c.i.l.LifecycleMappingFactory - Using org.eclipse.m2e.jdt.JarLifecycleMapping lifecycle mapping for MavenProject: nashornTest:nashornTest:0.0.1-SNAPSHOT @ C:\dev\react\isomorphic_spring\nashornTest\pom.xml.
2017-03-13 00:04:42,360 [Worker-2] INFO  o.e.m.j.i.AbstractJavaProjectConfigurator - Adding source folder /nashornTest/src
2017-03-13 00:04:42,361 [Worker-2] INFO  o.e.m.j.i.AbstractJavaProjectConfigurator - Not adding source folder /nashornTest/src/test/java because it overlaps with /nashornTest/src
2017-03-13 00:04:42,426 [Worker-2] INFO  o.e.m.c.i.p.ProjectConfigurationManager - Update completed: 0 sec
2017-03-13 00:04:42,824 [Worker-24] WARN  o.e.m.c.i.embedder.EclipseLogger - Using platform encoding (MS949 actually) to copy filtered resources, i.e. build is platform dependent!
2017-03-13 00:04:42,831 [Worker-24] INFO  o.e.m.c.i.embedder.EclipseLogger - skip non existing resourceDirectory C:\dev\react\isomorphic_spring\nashornTest\src\main\resources
2017-03-13 00:04:42,838 [Worker-24] WARN  o.e.m.c.i.embedder.EclipseLogger - Using platform encoding (MS949 actually) to copy filtered resources, i.e. build is platform dependent!
2017-03-13 00:04:42,843 [Worker-24] INFO  o.e.m.c.i.embedder.EclipseLogger - skip non existing resourceDirectory C:\dev\react\isomorphic_spring\nashornTest\src\test\resources
2017-03-13 00:05:09,422 [Worker-10] WARN  o.e.m.c.i.embedder.EclipseLogger - Using platform encoding (MS949 actually) to copy filtered resources, i.e. build is platform dependent!
2017-03-13 00:05:09,427 [Worker-10] INFO  o.e.m.c.i.embedder.EclipseLogger - skip non existing resourceDirectory C:\dev\react\isomorphic_spring\nashornTest\src\main\resources
2017-03-13 00:05:09,430 [Worker-10] WARN  o.e.m.c.i.embedder.EclipseLogger - Using platform encoding (MS949 actually) to copy filtered resources, i.e. build is platform dependent!
2017-03-13 00:05:09,436 [Worker-10] INFO  o.e.m.c.i.embedder.EclipseLogger - skip non existing resourceDirectory C:\dev\react\isomorphic_spring\nashornTest\src\test\resources
2017-03-13 00:05:16,326 [Worker-26] WARN  o.e.m.c.i.embedder.EclipseLogger - Using platform encoding (MS949 actually) to copy filtered resources, i.e. build is platform dependent!
2017-03-13 00:05:16,332 [Worker-26] INFO  o.e.m.c.i.embedder.EclipseLogger - skip non existing resourceDirectory C:\dev\react\isomorphic_spring\nashornTest\src\main\resources
2017-03-13 00:05:16,337 [Worker-26] WARN  o.e.m.c.i.embedder.EclipseLogger - Using platform encoding (MS949 actually) to copy filtered resources, i.e. build is platform dependent!
2017-03-13 00:05:16,346 [Worker-26] INFO  o.e.m.c.i.embedder.EclipseLogger - skip non existing resourceDirectory C:\dev\react\isomorphic_spring\nashornTest\src\test\resources
2017-03-13 00:05:25,703 [Worker-21] WARN  o.e.m.c.i.embedder.EclipseLogger - Using platform encoding (MS949 actually) to copy filtered resources, i.e. build is platform dependent!
2017-03-13 00:05:25,707 [Worker-21] INFO  o.e.m.c.i.embedder.EclipseLogger - skip non existing resourceDirectory C:\dev\react\isomorphic_spring\nashornTest\src\main\resources
2017-03-13 00:05:25,710 [Worker-21] WARN  o.e.m.c.i.embedder.EclipseLogger - Using platform encoding (MS949 actually) to copy filtered resources, i.e. build is platform dependent!
2017-03-13 00:05:25,716 [Worker-21] INFO  o.e.m.c.i.embedder.EclipseLogger - skip non existing resourceDirectory C:\dev\react\isomorphic_spring\nashornTest\src\test\resources
2017-03-13 00:06:06,666 [Worker-21] WARN  o.e.m.c.i.embedder.EclipseLogger - Using platform encoding (MS949 actually) to copy filtered resources, i.e. build is platform dependent!
2017-03-13 00:06:06,671 [Worker-21] INFO  o.e.m.c.i.embedder.EclipseLogger - skip non existing resourceDirectory C:\dev\react\isomorphic_spring\nashornTest\src\main\resources
2017-03-13 00:06:06,674 [Worker-21] WARN  o.e.m.c.i.embedder.EclipseLogger - Using platform encoding (MS949 actually) to copy filtered resources, i.e. build is platform dependent!
2017-03-13 00:06:06,680 [Worker-21] INFO  o.e.m.c.i.embedder.EclipseLogger - skip non existing resourceDirectory C:\dev\react\isomorphic_spring\nashornTest\src\test\resources
2017-03-13 00:06:27,516 [Worker-26] WARN  o.e.m.c.i.embedder.EclipseLogger - Using platform encoding (MS949 actually) to copy filtered resources, i.e. build is platform dependent!
2017-03-13 00:06:27,521 [Worker-26] INFO  o.e.m.c.i.embedder.EclipseLogger - skip non existing resourceDirectory C:\dev\react\isomorphic_spring\nashornTest\src\main\resources
2017-03-13 00:06:27,524 [Worker-26] WARN  o.e.m.c.i.embedder.EclipseLogger - Using platform encoding (MS949 actually) to copy filtered resources, i.e. build is platform dependent!
2017-03-13 00:06:27,530 [Worker-26] INFO  o.e.m.c.i.embedder.EclipseLogger - skip non existing resourceDirectory C:\dev\react\isomorphic_spring\nashornTest\src\test\resources
2017-03-13 00:06:37,716 [Worker-26] WARN  o.e.m.c.i.embedder.EclipseLogger - Using platform encoding (MS949 actually) to copy filtered resources, i.e. build is platform dependent!
2017-03-13 00:06:37,724 [Worker-26] INFO  o.e.m.c.i.embedder.EclipseLogger - skip non existing resourceDirectory C:\dev\react\isomorphic_spring\nashornTest\src\main\resources
2017-03-13 00:06:37,732 [Worker-26] WARN  o.e.m.c.i.embedder.EclipseLogger - Using platform encoding (MS949 actually) to copy filtered resources, i.e. build is platform dependent!
2017-03-13 00:06:37,744 [Worker-26] INFO  o.e.m.c.i.embedder.EclipseLogger - skip non existing resourceDirectory C:\dev\react\isomorphic_spring\nashornTest\src\test\resources
2017-03-13 00:06:43,257 [Worker-27] WARN  o.e.m.c.i.embedder.EclipseLogger - Using platform encoding (MS949 actually) to copy filtered resources, i.e. build is platform dependent!
2017-03-13 00:06:43,264 [Worker-27] INFO  o.e.m.c.i.embedder.EclipseLogger - skip non existing resourceDirectory C:\dev\react\isomorphic_spring\nashornTest\src\main\resources
2017-03-13 00:06:43,269 [Worker-27] WARN  o.e.m.c.i.embedder.EclipseLogger - Using platform encoding (MS949 actually) to copy filtered resources, i.e. build is platform dependent!
2017-03-13 00:06:43,274 [Worker-27] INFO  o.e.m.c.i.embedder.EclipseLogger - skip non existing resourceDirectory C:\dev\react\isomorphic_spring\nashornTest\src\test\resources
2017-03-13 00:07:00,604 [Worker-29] WARN  o.e.m.c.i.embedder.EclipseLogger - Using platform encoding (MS949 actually) to copy filtered resources, i.e. build is platform dependent!
2017-03-13 00:07:00,608 [Worker-29] INFO  o.e.m.c.i.embedder.EclipseLogger - skip non existing resourceDirectory C:\dev\react\isomorphic_spring\nashornTest\src\main\resources
2017-03-13 00:07:00,611 [Worker-29] WARN  o.e.m.c.i.embedder.EclipseLogger - Using platform encoding (MS949 actually) to copy filtered resources, i.e. build is platform dependent!
2017-03-13 00:07:00,616 [Worker-29] INFO  o.e.m.c.i.embedder.EclipseLogger - skip non existing resourceDirectory C:\dev\react\isomorphic_spring\nashornTest\src\test\resources
2017-03-13 00:09:27,031 [Worker-30] WARN  o.e.m.c.i.embedder.EclipseLogger - Using platform encoding (MS949 actually) to copy filtered resources, i.e. build is platform dependent!
2017-03-13 00:09:27,043 [Worker-30] INFO  o.e.m.c.i.embedder.EclipseLogger - skip non existing resourceDirectory C:\dev\react\isomorphic_spring\nashornTest\src\main\resources
2017-03-13 00:09:27,056 [Worker-30] WARN  o.e.m.c.i.embedder.EclipseLogger - Using platform encoding (MS949 actually) to copy filtered resources, i.e. build is platform dependent!
2017-03-13 00:09:27,079 [Worker-30] INFO  o.e.m.c.i.embedder.EclipseLogger - skip non existing resourceDirectory C:\dev\react\isomorphic_spring\nashornTest\src\test\resources
2017-03-13 00:09:42,657 [Worker-22] WARN  o.e.m.c.i.embedder.EclipseLogger - Using platform encoding (MS949 actually) to copy filtered resources, i.e. build is platform dependent!
2017-03-13 00:09:42,661 [Worker-22] INFO  o.e.m.c.i.embedder.EclipseLogger - skip non existing resourceDirectory C:\dev\react\isomorphic_spring\nashornTest\src\main\resources
2017-03-13 00:09:42,665 [Worker-22] WARN  o.e.m.c.i.embedder.EclipseLogger - Using platform encoding (MS949 actually) to copy filtered resources, i.e. build is platform dependent!
2017-03-13 00:09:42,672 [Worker-22] INFO  o.e.m.c.i.embedder.EclipseLogger - skip non existing resourceDirectory C:\dev\react\isomorphic_spring\nashornTest\src\test\resources
2017-03-13 00:09:57,441 [Worker-27] WARN  o.e.m.c.i.embedder.EclipseLogger - Using platform encoding (MS949 actually) to copy filtered resources, i.e. build is platform dependent!
2017-03-13 00:09:57,444 [Worker-27] INFO  o.e.m.c.i.embedder.EclipseLogger - skip non existing resourceDirectory C:\dev\react\isomorphic_spring\nashornTest\src\main\resources
2017-03-13 00:09:57,448 [Worker-27] WARN  o.e.m.c.i.embedder.EclipseLogger - Using platform encoding (MS949 actually) to copy filtered resources, i.e. build is platform dependent!
2017-03-13 00:09:57,454 [Worker-27] INFO  o.e.m.c.i.embedder.EclipseLogger - skip non existing resourceDirectory C:\dev\react\isomorphic_spring\nashornTest\src\test\resources
2017-03-13 00:10:57,920 [Worker-34] WARN  o.e.m.c.i.embedder.EclipseLogger - Using platform encoding (MS949 actually) to copy filtered resources, i.e. build is platform dependent!
2017-03-13 00:10:57,924 [Worker-34] INFO  o.e.m.c.i.embedder.EclipseLogger - skip non existing resourceDirectory C:\dev\react\isomorphic_spring\nashornTest\src\main\resources
2017-03-13 00:10:57,927 [Worker-34] WARN  o.e.m.c.i.embedder.EclipseLogger - Using platform encoding (MS949 actually) to copy filtered resources, i.e. build is platform dependent!
2017-03-13 00:10:57,933 [Worker-34] INFO  o.e.m.c.i.embedder.EclipseLogger - skip non existing resourceDirectory C:\dev\react\isomorphic_spring\nashornTest\src\test\resources
2017-03-13 00:11:10,409 [Worker-32] WARN  o.e.m.c.i.embedder.EclipseLogger - Using platform encoding (MS949 actually) to copy filtered resources, i.e. build is platform dependent!
2017-03-13 00:11:10,415 [Worker-32] INFO  o.e.m.c.i.embedder.EclipseLogger - skip non existing resourceDirectory C:\dev\react\isomorphic_spring\nashornTest\src\main\resources
2017-03-13 00:11:10,418 [Worker-32] WARN  o.e.m.c.i.embedder.EclipseLogger - Using platform encoding (MS949 actually) to copy filtered resources, i.e. build is platform dependent!
2017-03-13 00:11:10,425 [Worker-32] INFO  o.e.m.c.i.embedder.EclipseLogger - skip non existing resourceDirectory C:\dev\react\isomorphic_spring\nashornTest\src\test\resources
2017-03-13 00:11:11,523 [Worker-28] WARN  o.e.m.c.i.embedder.EclipseLogger - Using platform encoding (MS949 actually) to copy filtered resources, i.e. build is platform dependent!
2017-03-13 00:11:11,527 [Worker-28] INFO  o.e.m.c.i.embedder.EclipseLogger - skip non existing resourceDirectory C:\dev\react\isomorphic_spring\nashornTest\src\main\resources
2017-03-13 00:11:11,531 [Worker-28] WARN  o.e.m.c.i.embedder.EclipseLogger - Using platform encoding (MS949 actually) to copy filtered resources, i.e. build is platform dependent!
2017-03-13 00:11:11,539 [Worker-28] INFO  o.e.m.c.i.embedder.EclipseLogger - skip non existing resourceDirectory C:\dev\react\isomorphic_spring\nashornTest\src\test\resources
2017-03-13 00:11:21,925 [Worker-31] WARN  o.e.m.c.i.embedder.EclipseLogger - Using platform encoding (MS949 actually) to copy filtered resources, i.e. build is platform dependent!
2017-03-13 00:11:21,934 [Worker-31] INFO  o.e.m.c.i.embedder.EclipseLogger - skip non existing resourceDirectory C:\dev\react\isomorphic_spring\nashornTest\src\main\resources
2017-03-13 00:11:21,944 [Worker-31] WARN  o.e.m.c.i.embedder.EclipseLogger - Using platform encoding (MS949 actually) to copy filtered resources, i.e. build is platform dependent!
2017-03-13 00:11:21,960 [Worker-31] INFO  o.e.m.c.i.embedder.EclipseLogger - skip non existing resourceDirectory C:\dev\react\isomorphic_spring\nashornTest\src\test\resources
2017-03-13 00:12:53,964 [Worker-22] WARN  o.e.m.c.i.embedder.EclipseLogger - Using platform encoding (MS949 actually) to copy filtered resources, i.e. build is platform dependent!
2017-03-13 00:12:53,968 [Worker-22] INFO  o.e.m.c.i.embedder.EclipseLogger - skip non existing resourceDirectory C:\dev\react\isomorphic_spring\nashornTest\src\main\resources
2017-03-13 00:12:53,972 [Worker-22] WARN  o.e.m.c.i.embedder.EclipseLogger - Using platform encoding (MS949 actually) to copy filtered resources, i.e. build is platform dependent!
2017-03-13 00:12:53,979 [Worker-22] INFO  o.e.m.c.i.embedder.EclipseLogger - skip non existing resourceDirectory C:\dev\react\isomorphic_spring\nashornTest\src\test\resources
2017-03-13 00:16:32,404 [Worker-41] INFO  o.e.m.c.i.l.LifecycleMappingFactory - Using org.eclipse.m2e.jdt.JarLifecycleMapping lifecycle mapping for MavenProject: J2V8Test:J2V8Test:0.0.1-SNAPSHOT @ C:\dev\react\isomorphic_spring\J2V8Test\pom.xml.
2017-03-13 00:16:32,549 [Worker-41] INFO  o.e.m.j.i.AbstractJavaProjectConfigurator - Adding source folder /J2V8Test/src
2017-03-13 00:16:32,553 [Worker-41] INFO  o.e.m.j.i.AbstractJavaProjectConfigurator - Not adding source folder /J2V8Test/src/test/java because it overlaps with /J2V8Test/src
2017-03-13 00:16:32,624 [Worker-41] INFO  o.e.m.c.i.p.ProjectConfigurationManager - Update started
2017-03-13 00:16:32,689 [Worker-41] INFO  o.e.m.c.i.l.LifecycleMappingFactory - Using org.eclipse.m2e.jdt.JarLifecycleMapping lifecycle mapping for MavenProject: J2V8Test:J2V8Test:0.0.1-SNAPSHOT @ C:\dev\react\isomorphic_spring\J2V8Test\pom.xml.
2017-03-13 00:16:32,735 [Worker-41] INFO  o.e.m.j.i.AbstractJavaProjectConfigurator - Adding source folder /J2V8Test/src
2017-03-13 00:16:32,739 [Worker-41] INFO  o.e.m.j.i.AbstractJavaProjectConfigurator - Not adding source folder /J2V8Test/src/test/java because it overlaps with /J2V8Test/src
2017-03-13 00:16:32,786 [Worker-41] INFO  o.e.m.c.i.p.ProjectConfigurationManager - Update completed: 0 sec
2017-03-13 00:16:32,906 [Worker-38] WARN  o.e.m.c.i.embedder.EclipseLogger - Using platform encoding (MS949 actually) to copy filtered resources, i.e. build is platform dependent!
2017-03-13 00:16:32,911 [Worker-38] INFO  o.e.m.c.i.embedder.EclipseLogger - skip non existing resourceDirectory C:\dev\react\isomorphic_spring\J2V8Test\src\main\resources
2017-03-13 00:16:32,916 [Worker-38] WARN  o.e.m.c.i.embedder.EclipseLogger - Using platform encoding (MS949 actually) to copy filtered resources, i.e. build is platform dependent!
2017-03-13 00:16:32,919 [Worker-38] INFO  o.e.m.c.i.embedder.EclipseLogger - skip non existing resourceDirectory C:\dev\react\isomorphic_spring\J2V8Test\src\test\resources
2017-03-13 00:16:40,790 [Worker-36] INFO  o.e.m.c.i.l.LifecycleMappingFactory - Using org.eclipse.m2e.jdt.JarLifecycleMapping lifecycle mapping for MavenProject: J2V8Test:J2V8Test:0.0.1-SNAPSHOT @ C:\dev\react\isomorphic_spring\J2V8Test\pom.xml.
2017-03-13 00:16:42,024 [Worker-36] INFO  o.e.m.c.i.e.AbstractTransferListenerAdapter - Downloading https://repo.maven.apache.org/maven2/com/eclipsesource/j2v8/j2v8_win32_x86_64/4.6.0/j2v8_win32_x86_64-4.6.0.pom
2017-03-13 00:16:42,249 [Worker-36] INFO  o.e.m.c.i.e.AbstractTransferListenerAdapter - Downloaded https://repo.maven.apache.org/maven2/com/eclipsesource/j2v8/j2v8_win32_x86_64/4.6.0/j2v8_win32_x86_64-4.6.0.pom
2017-03-13 00:16:42,465 [Worker-36] INFO  o.e.m.c.i.e.AbstractTransferListenerAdapter - Downloading https://repo.maven.apache.org/maven2/com/eclipsesource/j2v8/j2v8_win32_x86_64/4.6.0/j2v8_win32_x86_64-4.6.0.jar
2017-03-13 00:16:49,596 [Worker-36] INFO  o.e.m.c.i.e.AbstractTransferListenerAdapter - Downloaded https://repo.maven.apache.org/maven2/com/eclipsesource/j2v8/j2v8_win32_x86_64/4.6.0/j2v8_win32_x86_64-4.6.0.jar
2017-03-13 00:16:49,813 [Worker-36] WARN  o.e.m.c.i.embedder.EclipseLogger - Using platform encoding (MS949 actually) to copy filtered resources, i.e. build is platform dependent!
2017-03-13 00:16:49,820 [Worker-36] INFO  o.e.m.c.i.embedder.EclipseLogger - skip non existing resourceDirectory C:\dev\react\isomorphic_spring\J2V8Test\src\main\resources
2017-03-13 00:16:49,825 [Worker-36] WARN  o.e.m.c.i.embedder.EclipseLogger - Using platform encoding (MS949 actually) to copy filtered resources, i.e. build is platform dependent!
2017-03-13 00:16:49,832 [Worker-36] INFO  o.e.m.c.i.embedder.EclipseLogger - skip non existing resourceDirectory C:\dev\react\isomorphic_spring\J2V8Test\src\test\resources
2017-03-13 00:16:49,974 [Worker-39] WARN  o.e.m.c.i.embedder.EclipseLogger - Using platform encoding (MS949 actually) to copy filtered resources, i.e. build is platform dependent!
2017-03-13 00:16:49,981 [Worker-39] INFO  o.e.m.c.i.embedder.EclipseLogger - skip non existing resourceDirectory C:\dev\react\isomorphic_spring\J2V8Test\src\main\resources
2017-03-13 00:16:49,982 [Worker-39] WARN  o.e.m.c.i.embedder.EclipseLogger - Using platform encoding (MS949 actually) to copy filtered resources, i.e. build is platform dependent!
2017-03-13 00:16:49,985 [Worker-39] INFO  o.e.m.c.i.embedder.EclipseLogger - skip non existing resourceDirectory C:\dev\react\isomorphic_spring\J2V8Test\src\test\resources
2017-03-13 00:16:57,782 [Worker-43] WARN  o.e.m.c.i.embedder.EclipseLogger - Using platform encoding (MS949 actually) to copy filtered resources, i.e. build is platform dependent!
2017-03-13 00:16:57,789 [Worker-43] INFO  o.e.m.c.i.embedder.EclipseLogger - skip non existing resourceDirectory C:\dev\react\isomorphic_spring\nashornTest\src\main\resources
2017-03-13 00:16:57,792 [Worker-43] WARN  o.e.m.c.i.embedder.EclipseLogger - Using platform encoding (MS949 actually) to copy filtered resources, i.e. build is platform dependent!
2017-03-13 00:16:57,799 [Worker-43] INFO  o.e.m.c.i.embedder.EclipseLogger - skip non existing resourceDirectory C:\dev\react\isomorphic_spring\nashornTest\src\test\resources
2017-03-13 00:17:03,720 [Worker-44] WARN  o.e.m.c.i.embedder.EclipseLogger - Using platform encoding (MS949 actually) to copy filtered resources, i.e. build is platform dependent!
2017-03-13 00:17:03,726 [Worker-44] INFO  o.e.m.c.i.embedder.EclipseLogger - skip non existing resourceDirectory C:\dev\react\isomorphic_spring\nashornTest\src\main\resources
2017-03-13 00:17:03,729 [Worker-44] WARN  o.e.m.c.i.embedder.EclipseLogger - Using platform encoding (MS949 actually) to copy filtered resources, i.e. build is platform dependent!
2017-03-13 00:17:03,735 [Worker-44] INFO  o.e.m.c.i.embedder.EclipseLogger - skip non existing resourceDirectory C:\dev\react\isomorphic_spring\nashornTest\src\test\resources
2017-03-13 00:17:32,388 [Worker-31] WARN  o.e.m.c.i.embedder.EclipseLogger - Using platform encoding (MS949 actually) to copy filtered resources, i.e. build is platform dependent!
2017-03-13 00:17:32,396 [Worker-31] INFO  o.e.m.c.i.embedder.EclipseLogger - skip non existing resourceDirectory C:\dev\react\isomorphic_spring\nashornTest\src\main\resources
2017-03-13 00:17:32,399 [Worker-31] WARN  o.e.m.c.i.embedder.EclipseLogger - Using platform encoding (MS949 actually) to copy filtered resources, i.e. build is platform dependent!
2017-03-13 00:17:32,405 [Worker-31] INFO  o.e.m.c.i.embedder.EclipseLogger - skip non existing resourceDirectory C:\dev\react\isomorphic_spring\nashornTest\src\test\resources
2017-03-13 00:17:35,092 [Worker-42] INFO  o.e.m.c.i.l.LifecycleMappingFactory - Using org.eclipse.m2e.jdt.JarLifecycleMapping lifecycle mapping for MavenProject: nashornTest:nashornTest:0.0.1-SNAPSHOT @ C:\dev\react\isomorphic_spring\nashornTest\pom.xml.
2017-03-13 00:17:35,190 [Worker-42] WARN  o.e.m.c.i.embedder.EclipseLogger - Using platform encoding (MS949 actually) to copy filtered resources, i.e. build is platform dependent!
2017-03-13 00:17:35,196 [Worker-42] INFO  o.e.m.c.i.embedder.EclipseLogger - skip non existing resourceDirectory C:\dev\react\isomorphic_spring\nashornTest\src\main\resources
2017-03-13 00:17:35,199 [Worker-42] WARN  o.e.m.c.i.embedder.EclipseLogger - Using platform encoding (MS949 actually) to copy filtered resources, i.e. build is platform dependent!
2017-03-13 00:17:35,202 [Worker-42] INFO  o.e.m.c.i.embedder.EclipseLogger - skip non existing resourceDirectory C:\dev\react\isomorphic_spring\nashornTest\src\test\resources
2017-03-13 00:17:48,789 [Worker-41] WARN  o.e.m.c.i.embedder.EclipseLogger - Using platform encoding (MS949 actually) to copy filtered resources, i.e. build is platform dependent!
2017-03-13 00:17:48,793 [Worker-41] INFO  o.e.m.c.i.embedder.EclipseLogger - skip non existing resourceDirectory C:\dev\react\isomorphic_spring\nashornTest\src\main\resources
2017-03-13 00:17:48,794 [Worker-41] WARN  o.e.m.c.i.embedder.EclipseLogger - Using platform encoding (MS949 actually) to copy filtered resources, i.e. build is platform dependent!
2017-03-13 00:17:48,797 [Worker-41] INFO  o.e.m.c.i.embedder.EclipseLogger - skip non existing resourceDirectory C:\dev\react\isomorphic_spring\nashornTest\src\test\resources
2017-03-13 00:18:56,179 [Worker-45] WARN  o.e.m.c.i.embedder.EclipseLogger - Using platform encoding (MS949 actually) to copy filtered resources, i.e. build is platform dependent!
2017-03-13 00:18:56,188 [Worker-45] INFO  o.e.m.c.i.embedder.EclipseLogger - skip non existing resourceDirectory C:\dev\react\isomorphic_spring\nashornTest\src\main\resources
2017-03-13 00:18:56,195 [Worker-45] WARN  o.e.m.c.i.embedder.EclipseLogger - Using platform encoding (MS949 actually) to copy filtered resources, i.e. build is platform dependent!
2017-03-13 00:18:56,209 [Worker-45] INFO  o.e.m.c.i.embedder.EclipseLogger - skip non existing resourceDirectory C:\dev\react\isomorphic_spring\nashornTest\src\test\resources
2017-03-13 00:19:47,577 [Worker-43] WARN  o.e.m.c.i.embedder.EclipseLogger - Using platform encoding (MS949 actually) to copy filtered resources, i.e. build is platform dependent!
2017-03-13 00:19:47,582 [Worker-43] INFO  o.e.m.c.i.embedder.EclipseLogger - skip non existing resourceDirectory C:\dev\react\isomorphic_spring\J2V8Test\src\main\resources
2017-03-13 00:19:47,583 [Worker-43] WARN  o.e.m.c.i.embedder.EclipseLogger - Using platform encoding (MS949 actually) to copy filtered resources, i.e. build is platform dependent!
2017-03-13 00:19:47,588 [Worker-43] INFO  o.e.m.c.i.embedder.EclipseLogger - skip non existing resourceDirectory C:\dev\react\isomorphic_spring\J2V8Test\src\test\resources
2017-03-13 00:20:00,733 [Worker-40] WARN  o.e.m.c.i.embedder.EclipseLogger - Using platform encoding (MS949 actually) to copy filtered resources, i.e. build is platform dependent!
2017-03-13 00:20:00,747 [Worker-40] INFO  o.e.m.c.i.embedder.EclipseLogger - skip non existing resourceDirectory C:\dev\react\isomorphic_spring\J2V8Test\src\main\resources
2017-03-13 00:20:00,754 [Worker-40] WARN  o.e.m.c.i.embedder.EclipseLogger - Using platform encoding (MS949 actually) to copy filtered resources, i.e. build is platform dependent!
2017-03-13 00:20:00,758 [Worker-40] INFO  o.e.m.c.i.embedder.EclipseLogger - skip non existing resourceDirectory C:\dev\react\isomorphic_spring\J2V8Test\src\test\resources
2017-03-13 00:20:23,913 [Worker-37] WARN  o.e.m.c.i.embedder.EclipseLogger - Using platform encoding (MS949 actually) to copy filtered resources, i.e. build is platform dependent!
2017-03-13 00:20:23,916 [Worker-37] INFO  o.e.m.c.i.embedder.EclipseLogger - skip non existing resourceDirectory C:\dev\react\isomorphic_spring\J2V8Test\src\main\resources
2017-03-13 00:20:23,917 [Worker-37] WARN  o.e.m.c.i.embedder.EclipseLogger - Using platform encoding (MS949 actually) to copy filtered resources, i.e. build is platform dependent!
2017-03-13 00:20:23,920 [Worker-37] INFO  o.e.m.c.i.embedder.EclipseLogger - skip non existing resourceDirectory C:\dev\react\isomorphic_spring\J2V8Test\src\test\resources
2017-03-13 00:20:52,427 [Worker-40] WARN  o.e.m.c.i.embedder.EclipseLogger - Using platform encoding (MS949 actually) to copy filtered resources, i.e. build is platform dependent!
2017-03-13 00:20:52,445 [Worker-40] INFO  o.e.m.c.i.embedder.EclipseLogger - skip non existing resourceDirectory C:\dev\react\isomorphic_spring\J2V8Test\src\main\resources
2017-03-13 00:20:52,452 [Worker-40] WARN  o.e.m.c.i.embedder.EclipseLogger - Using platform encoding (MS949 actually) to copy filtered resources, i.e. build is platform dependent!
2017-03-13 00:20:52,459 [Worker-40] INFO  o.e.m.c.i.embedder.EclipseLogger - skip non existing resourceDirectory C:\dev\react\isomorphic_spring\J2V8Test\src\test\resources
2017-03-13 00:20:56,607 [Worker-39] WARN  o.e.m.c.i.embedder.EclipseLogger - Using platform encoding (MS949 actually) to copy filtered resources, i.e. build is platform dependent!
2017-03-13 00:20:56,615 [Worker-39] INFO  o.e.m.c.i.embedder.EclipseLogger - skip non existing resourceDirectory C:\dev\react\isomorphic_spring\J2V8Test\src\main\resources
2017-03-13 00:20:56,616 [Worker-39] WARN  o.e.m.c.i.embedder.EclipseLogger - Using platform encoding (MS949 actually) to copy filtered resources, i.e. build is platform dependent!
2017-03-13 00:20:56,622 [Worker-39] INFO  o.e.m.c.i.embedder.EclipseLogger - skip non existing resourceDirectory C:\dev\react\isomorphic_spring\J2V8Test\src\test\resources
2017-03-13 00:21:54,591 [Worker-38] WARN  o.e.m.c.i.embedder.EclipseLogger - Using platform encoding (MS949 actually) to copy filtered resources, i.e. build is platform dependent!
2017-03-13 00:21:54,598 [Worker-38] INFO  o.e.m.c.i.embedder.EclipseLogger - skip non existing resourceDirectory C:\dev\react\isomorphic_spring\J2V8Test\src\main\resources
2017-03-13 00:21:54,602 [Worker-38] WARN  o.e.m.c.i.embedder.EclipseLogger - Using platform encoding (MS949 actually) to copy filtered resources, i.e. build is platform dependent!
2017-03-13 00:21:54,605 [Worker-38] INFO  o.e.m.c.i.embedder.EclipseLogger - skip non existing resourceDirectory C:\dev\react\isomorphic_spring\J2V8Test\src\test\resources
2017-03-13 00:21:59,508 [Worker-38] WARN  o.e.m.c.i.embedder.EclipseLogger - Using platform encoding (MS949 actually) to copy filtered resources, i.e. build is platform dependent!
2017-03-13 00:21:59,520 [Worker-38] INFO  o.e.m.c.i.embedder.EclipseLogger - skip non existing resourceDirectory C:\dev\react\isomorphic_spring\J2V8Test\src\main\resources
2017-03-13 00:21:59,522 [Worker-38] WARN  o.e.m.c.i.embedder.EclipseLogger - Using platform encoding (MS949 actually) to copy filtered resources, i.e. build is platform dependent!
2017-03-13 00:21:59,529 [Worker-38] INFO  o.e.m.c.i.embedder.EclipseLogger - skip non existing resourceDirectory C:\dev\react\isomorphic_spring\J2V8Test\src\test\resources
2017-03-13 00:22:10,811 [Worker-37] WARN  o.e.m.c.i.embedder.EclipseLogger - Using platform encoding (MS949 actually) to copy filtered resources, i.e. build is platform dependent!
2017-03-13 00:22:10,822 [Worker-37] INFO  o.e.m.c.i.embedder.EclipseLogger - skip non existing resourceDirectory C:\dev\react\isomorphic_spring\J2V8Test\src\main\resources
2017-03-13 00:22:10,830 [Worker-37] WARN  o.e.m.c.i.embedder.EclipseLogger - Using platform encoding (MS949 actually) to copy filtered resources, i.e. build is platform dependent!
2017-03-13 00:22:10,835 [Worker-37] INFO  o.e.m.c.i.embedder.EclipseLogger - skip non existing resourceDirectory C:\dev\react\isomorphic_spring\J2V8Test\src\test\resources
2017-03-13 00:31:48,593 [Worker-55] WARN  o.e.m.c.i.embedder.EclipseLogger - Using platform encoding (MS949 actually) to copy filtered resources, i.e. build is platform dependent!
2017-03-13 00:31:48,600 [Worker-55] INFO  o.e.m.c.i.embedder.EclipseLogger - skip non existing resourceDirectory C:\dev\react\isomorphic_spring\J2V8Test\src\main\resources
2017-03-13 00:31:48,601 [Worker-55] WARN  o.e.m.c.i.embedder.EclipseLogger - Using platform encoding (MS949 actually) to copy filtered resources, i.e. build is platform dependent!
2017-03-13 00:31:48,608 [Worker-55] INFO  o.e.m.c.i.embedder.EclipseLogger - skip non existing resourceDirectory C:\dev\react\isomorphic_spring\J2V8Test\src\test\resources
2017-03-13 00:38:19,272 [Worker-62] WARN  o.e.m.c.i.embedder.EclipseLogger - Using platform encoding (MS949 actually) to copy filtered resources, i.e. build is platform dependent!
2017-03-13 00:38:19,278 [Worker-62] INFO  o.e.m.c.i.embedder.EclipseLogger - skip non existing resourceDirectory C:\dev\react\isomorphic_spring\J2V8Test\src\main\resources
2017-03-13 00:38:19,281 [Worker-62] WARN  o.e.m.c.i.embedder.EclipseLogger - Using platform encoding (MS949 actually) to copy filtered resources, i.e. build is platform dependent!
2017-03-13 00:38:19,285 [Worker-62] INFO  o.e.m.c.i.embedder.EclipseLogger - skip non existing resourceDirectory C:\dev\react\isomorphic_spring\J2V8Test\src\test\resources
2017-03-13 00:39:19,117 [Worker-61] WARN  o.e.m.c.i.embedder.EclipseLogger - Using platform encoding (MS949 actually) to copy filtered resources, i.e. build is platform dependent!
2017-03-13 00:39:19,126 [Worker-61] INFO  o.e.m.c.i.embedder.EclipseLogger - skip non existing resourceDirectory C:\dev\react\isomorphic_spring\J2V8Test\src\main\resources
2017-03-13 00:39:19,128 [Worker-61] WARN  o.e.m.c.i.embedder.EclipseLogger - Using platform encoding (MS949 actually) to copy filtered resources, i.e. build is platform dependent!
2017-03-13 00:39:19,137 [Worker-61] INFO  o.e.m.c.i.embedder.EclipseLogger - skip non existing resourceDirectory C:\dev\react\isomorphic_spring\J2V8Test\src\test\resources
2017-03-13 00:39:41,921 [Worker-62] WARN  o.e.m.c.i.embedder.EclipseLogger - Using platform encoding (MS949 actually) to copy filtered resources, i.e. build is platform dependent!
2017-03-13 00:39:41,931 [Worker-62] INFO  o.e.m.c.i.embedder.EclipseLogger - skip non existing resourceDirectory C:\dev\react\isomorphic_spring\J2V8Test\src\main\resources
2017-03-13 00:39:41,936 [Worker-62] WARN  o.e.m.c.i.embedder.EclipseLogger - Using platform encoding (MS949 actually) to copy filtered resources, i.e. build is platform dependent!
2017-03-13 00:39:41,941 [Worker-62] INFO  o.e.m.c.i.embedder.EclipseLogger - skip non existing resourceDirectory C:\dev\react\isomorphic_spring\J2V8Test\src\test\resources
2017-03-13 00:39:45,044 [Worker-63] WARN  o.e.m.c.i.embedder.EclipseLogger - Using platform encoding (MS949 actually) to copy filtered resources, i.e. build is platform dependent!
2017-03-13 00:39:45,048 [Worker-63] INFO  o.e.m.c.i.embedder.EclipseLogger - skip non existing resourceDirectory C:\dev\react\isomorphic_spring\J2V8Test\src\main\resources
2017-03-13 00:39:45,049 [Worker-63] WARN  o.e.m.c.i.embedder.EclipseLogger - Using platform encoding (MS949 actually) to copy filtered resources, i.e. build is platform dependent!
2017-03-13 00:39:45,052 [Worker-63] INFO  o.e.m.c.i.embedder.EclipseLogger - skip non existing resourceDirectory C:\dev\react\isomorphic_spring\J2V8Test\src\test\resources
2017-03-13 00:40:41,928 [Worker-69] WARN  o.e.m.c.i.embedder.EclipseLogger - Using platform encoding (MS949 actually) to copy filtered resources, i.e. build is platform dependent!
2017-03-13 00:40:41,936 [Worker-69] INFO  o.e.m.c.i.embedder.EclipseLogger - skip non existing resourceDirectory C:\dev\react\isomorphic_spring\J2V8Test\src\main\resources
2017-03-13 00:40:41,940 [Worker-69] WARN  o.e.m.c.i.embedder.EclipseLogger - Using platform encoding (MS949 actually) to copy filtered resources, i.e. build is platform dependent!
2017-03-13 00:40:41,943 [Worker-69] INFO  o.e.m.c.i.embedder.EclipseLogger - skip non existing resourceDirectory C:\dev\react\isomorphic_spring\J2V8Test\src\test\resources
2017-03-13 00:40:53,264 [Worker-63] WARN  o.e.m.c.i.embedder.EclipseLogger - Using platform encoding (MS949 actually) to copy filtered resources, i.e. build is platform dependent!
2017-03-13 00:40:53,267 [Worker-63] INFO  o.e.m.c.i.embedder.EclipseLogger - skip non existing resourceDirectory C:\dev\react\isomorphic_spring\J2V8Test\src\main\resources
2017-03-13 00:40:53,285 [Worker-63] WARN  o.e.m.c.i.embedder.EclipseLogger - Using platform encoding (MS949 actually) to copy filtered resources, i.e. build is platform dependent!
2017-03-13 00:40:53,291 [Worker-63] INFO  o.e.m.c.i.embedder.EclipseLogger - skip non existing resourceDirectory C:\dev\react\isomorphic_spring\J2V8Test\src\test\resources
2017-03-13 00:41:01,271 [Worker-69] WARN  o.e.m.c.i.embedder.EclipseLogger - Using platform encoding (MS949 actually) to copy filtered resources, i.e. build is platform dependent!
2017-03-13 00:41:01,282 [Worker-69] INFO  o.e.m.c.i.embedder.EclipseLogger - skip non existing resourceDirectory C:\dev\react\isomorphic_spring\J2V8Test\src\main\resources
2017-03-13 00:41:01,288 [Worker-69] WARN  o.e.m.c.i.embedder.EclipseLogger - Using platform encoding (MS949 actually) to copy filtered resources, i.e. build is platform dependent!
2017-03-13 00:41:01,293 [Worker-69] INFO  o.e.m.c.i.embedder.EclipseLogger - skip non existing resourceDirectory C:\dev\react\isomorphic_spring\J2V8Test\src\test\resources
2017-03-13 00:41:20,755 [Worker-68] WARN  o.e.m.c.i.embedder.EclipseLogger - Using platform encoding (MS949 actually) to copy filtered resources, i.e. build is platform dependent!
2017-03-13 00:41:20,765 [Worker-68] INFO  o.e.m.c.i.embedder.EclipseLogger - skip non existing resourceDirectory C:\dev\react\isomorphic_spring\J2V8Test\src\main\resources
2017-03-13 00:41:20,766 [Worker-68] WARN  o.e.m.c.i.embedder.EclipseLogger - Using platform encoding (MS949 actually) to copy filtered resources, i.e. build is platform dependent!
2017-03-13 00:41:20,772 [Worker-68] INFO  o.e.m.c.i.embedder.EclipseLogger - skip non existing resourceDirectory C:\dev\react\isomorphic_spring\J2V8Test\src\test\resources
2017-03-13 00:41:46,402 [Worker-61] WARN  o.e.m.c.i.embedder.EclipseLogger - Using platform encoding (MS949 actually) to copy filtered resources, i.e. build is platform dependent!
2017-03-13 00:41:46,408 [Worker-61] INFO  o.e.m.c.i.embedder.EclipseLogger - skip non existing resourceDirectory C:\dev\react\isomorphic_spring\J2V8Test\src\main\resources
2017-03-13 00:41:46,411 [Worker-61] WARN  o.e.m.c.i.embedder.EclipseLogger - Using platform encoding (MS949 actually) to copy filtered resources, i.e. build is platform dependent!
2017-03-13 00:41:46,415 [Worker-61] INFO  o.e.m.c.i.embedder.EclipseLogger - skip non existing resourceDirectory C:\dev\react\isomorphic_spring\J2V8Test\src\test\resources
2017-03-13 00:42:05,785 [Worker-67] WARN  o.e.m.c.i.embedder.EclipseLogger - Using platform encoding (MS949 actually) to copy filtered resources, i.e. build is platform dependent!
2017-03-13 00:42:05,789 [Worker-67] INFO  o.e.m.c.i.embedder.EclipseLogger - skip non existing resourceDirectory C:\dev\react\isomorphic_spring\J2V8Test\src\main\resources
2017-03-13 00:42:05,789 [Worker-67] WARN  o.e.m.c.i.embedder.EclipseLogger - Using platform encoding (MS949 actually) to copy filtered resources, i.e. build is platform dependent!
2017-03-13 00:42:05,793 [Worker-67] INFO  o.e.m.c.i.embedder.EclipseLogger - skip non existing resourceDirectory C:\dev\react\isomorphic_spring\J2V8Test\src\test\resources
2017-03-13 00:42:25,132 [Worker-76] WARN  o.e.m.c.i.embedder.EclipseLogger - Using platform encoding (MS949 actually) to copy filtered resources, i.e. build is platform dependent!
2017-03-13 00:42:25,138 [Worker-76] INFO  o.e.m.c.i.embedder.EclipseLogger - skip non existing resourceDirectory C:\dev\react\isomorphic_spring\J2V8Test\src\main\resources
2017-03-13 00:42:25,141 [Worker-76] WARN  o.e.m.c.i.embedder.EclipseLogger - Using platform encoding (MS949 actually) to copy filtered resources, i.e. build is platform dependent!
2017-03-13 00:42:25,144 [Worker-76] INFO  o.e.m.c.i.embedder.EclipseLogger - skip non existing resourceDirectory C:\dev\react\isomorphic_spring\J2V8Test\src\test\resources
2017-03-13 00:42:27,565 [Worker-63] WARN  o.e.m.c.i.embedder.EclipseLogger - Using platform encoding (MS949 actually) to copy filtered resources, i.e. build is platform dependent!
2017-03-13 00:42:27,578 [Worker-63] INFO  o.e.m.c.i.embedder.EclipseLogger - skip non existing resourceDirectory C:\dev\react\isomorphic_spring\J2V8Test\src\main\resources
2017-03-13 00:42:27,580 [Worker-63] WARN  o.e.m.c.i.embedder.EclipseLogger - Using platform encoding (MS949 actually) to copy filtered resources, i.e. build is platform dependent!
2017-03-13 00:42:27,593 [Worker-63] INFO  o.e.m.c.i.embedder.EclipseLogger - skip non existing resourceDirectory C:\dev\react\isomorphic_spring\J2V8Test\src\test\resources
2017-03-13 00:42:49,324 [Worker-72] WARN  o.e.m.c.i.embedder.EclipseLogger - Using platform encoding (MS949 actually) to copy filtered resources, i.e. build is platform dependent!
2017-03-13 00:42:49,337 [Worker-72] INFO  o.e.m.c.i.embedder.EclipseLogger - skip non existing resourceDirectory C:\dev\react\isomorphic_spring\nashornTest\src\main\resources
2017-03-13 00:42:49,343 [Worker-72] WARN  o.e.m.c.i.embedder.EclipseLogger - Using platform encoding (MS949 actually) to copy filtered resources, i.e. build is platform dependent!
2017-03-13 00:42:49,350 [Worker-72] INFO  o.e.m.c.i.embedder.EclipseLogger - skip non existing resourceDirectory C:\dev\react\isomorphic_spring\nashornTest\src\test\resources
2017-03-13 00:45:05,172 [Worker-64] WARN  o.e.m.c.i.embedder.EclipseLogger - Using platform encoding (MS949 actually) to copy filtered resources, i.e. build is platform dependent!
2017-03-13 00:45:05,183 [Worker-64] INFO  o.e.m.c.i.embedder.EclipseLogger - skip non existing resourceDirectory C:\dev\react\isomorphic_spring\J2V8Test\src\main\resources
2017-03-13 00:45:05,185 [Worker-64] WARN  o.e.m.c.i.embedder.EclipseLogger - Using platform encoding (MS949 actually) to copy filtered resources, i.e. build is platform dependent!
2017-03-13 00:45:05,194 [Worker-64] INFO  o.e.m.c.i.embedder.EclipseLogger - skip non existing resourceDirectory C:\dev\react\isomorphic_spring\J2V8Test\src\test\resources
2017-03-13 00:45:19,733 [Worker-71] WARN  o.e.m.c.i.embedder.EclipseLogger - Using platform encoding (MS949 actually) to copy filtered resources, i.e. build is platform dependent!
2017-03-13 00:45:19,739 [Worker-71] INFO  o.e.m.c.i.embedder.EclipseLogger - skip non existing resourceDirectory C:\dev\react\isomorphic_spring\J2V8Test\src\main\resources
2017-03-13 00:45:19,742 [Worker-71] WARN  o.e.m.c.i.embedder.EclipseLogger - Using platform encoding (MS949 actually) to copy filtered resources, i.e. build is platform dependent!
2017-03-13 00:45:19,745 [Worker-71] INFO  o.e.m.c.i.embedder.EclipseLogger - skip non existing resourceDirectory C:\dev\react\isomorphic_spring\J2V8Test\src\test\resources
2017-03-13 00:45:27,600 [Worker-83] WARN  o.e.m.c.i.embedder.EclipseLogger - Using platform encoding (MS949 actually) to copy filtered resources, i.e. build is platform dependent!
2017-03-13 00:45:27,604 [Worker-83] INFO  o.e.m.c.i.embedder.EclipseLogger - skip non existing resourceDirectory C:\dev\react\isomorphic_spring\J2V8Test\src\main\resources
2017-03-13 00:45:27,605 [Worker-83] WARN  o.e.m.c.i.embedder.EclipseLogger - Using platform encoding (MS949 actually) to copy filtered resources, i.e. build is platform dependent!
2017-03-13 00:45:27,608 [Worker-83] INFO  o.e.m.c.i.embedder.EclipseLogger - skip non existing resourceDirectory C:\dev\react\isomorphic_spring\J2V8Test\src\test\resources
2017-03-13 00:45:37,215 [Worker-74] WARN  o.e.m.c.i.embedder.EclipseLogger - Using platform encoding (MS949 actually) to copy filtered resources, i.e. build is platform dependent!
2017-03-13 00:45:37,221 [Worker-74] INFO  o.e.m.c.i.embedder.EclipseLogger - skip non existing resourceDirectory C:\dev\react\isomorphic_spring\J2V8Test\src\main\resources
2017-03-13 00:45:37,224 [Worker-74] WARN  o.e.m.c.i.embedder.EclipseLogger - Using platform encoding (MS949 actually) to copy filtered resources, i.e. build is platform dependent!
2017-03-13 00:45:37,228 [Worker-74] INFO  o.e.m.c.i.embedder.EclipseLogger - skip non existing resourceDirectory C:\dev\react\isomorphic_spring\J2V8Test\src\test\resources
2017-03-13 00:45:44,287 [Worker-86] WARN  o.e.m.c.i.embedder.EclipseLogger - Using platform encoding (MS949 actually) to copy filtered resources, i.e. build is platform dependent!
2017-03-13 00:45:44,294 [Worker-86] INFO  o.e.m.c.i.embedder.EclipseLogger - skip non existing resourceDirectory C:\dev\react\isomorphic_spring\J2V8Test\src\main\resources
2017-03-13 00:45:44,295 [Worker-86] WARN  o.e.m.c.i.embedder.EclipseLogger - Using platform encoding (MS949 actually) to copy filtered resources, i.e. build is platform dependent!
2017-03-13 00:45:44,299 [Worker-86] INFO  o.e.m.c.i.embedder.EclipseLogger - skip non existing resourceDirectory C:\dev\react\isomorphic_spring\J2V8Test\src\test\resources
2017-03-13 00:45:49,195 [Worker-86] WARN  o.e.m.c.i.embedder.EclipseLogger - Using platform encoding (MS949 actually) to copy filtered resources, i.e. build is platform dependent!
2017-03-13 00:45:49,201 [Worker-86] INFO  o.e.m.c.i.embedder.EclipseLogger - skip non existing resourceDirectory C:\dev\react\isomorphic_spring\J2V8Test\src\main\resources
2017-03-13 00:45:49,204 [Worker-86] WARN  o.e.m.c.i.embedder.EclipseLogger - Using platform encoding (MS949 actually) to copy filtered resources, i.e. build is platform dependent!
2017-03-13 00:45:49,207 [Worker-86] INFO  o.e.m.c.i.embedder.EclipseLogger - skip non existing resourceDirectory C:\dev\react\isomorphic_spring\J2V8Test\src\test\resources
2017-03-13 00:46:20,496 [Worker-87] WARN  o.e.m.c.i.embedder.EclipseLogger - Using platform encoding (MS949 actually) to copy filtered resources, i.e. build is platform dependent!
2017-03-13 00:46:20,507 [Worker-87] INFO  o.e.m.c.i.embedder.EclipseLogger - skip non existing resourceDirectory C:\dev\react\isomorphic_spring\J2V8Test\src\main\resources
2017-03-13 00:46:20,509 [Worker-87] WARN  o.e.m.c.i.embedder.EclipseLogger - Using platform encoding (MS949 actually) to copy filtered resources, i.e. build is platform dependent!
2017-03-13 00:46:20,520 [Worker-87] INFO  o.e.m.c.i.embedder.EclipseLogger - skip non existing resourceDirectory C:\dev\react\isomorphic_spring\J2V8Test\src\test\resources
2017-03-13 00:47:56,119 [Worker-80] WARN  o.e.m.c.i.embedder.EclipseLogger - Using platform encoding (MS949 actually) to copy filtered resources, i.e. build is platform dependent!
2017-03-13 00:47:56,125 [Worker-80] INFO  o.e.m.c.i.embedder.EclipseLogger - skip non existing resourceDirectory C:\dev\react\isomorphic_spring\J2V8Test\src\main\resources
2017-03-13 00:47:56,128 [Worker-80] WARN  o.e.m.c.i.embedder.EclipseLogger - Using platform encoding (MS949 actually) to copy filtered resources, i.e. build is platform dependent!
2017-03-13 00:47:56,132 [Worker-80] INFO  o.e.m.c.i.embedder.EclipseLogger - skip non existing resourceDirectory C:\dev\react\isomorphic_spring\J2V8Test\src\test\resources
2017-03-13 00:48:10,480 [Worker-64] WARN  o.e.m.c.i.embedder.EclipseLogger - Using platform encoding (MS949 actually) to copy filtered resources, i.e. build is platform dependent!
2017-03-13 00:48:10,484 [Worker-64] INFO  o.e.m.c.i.embedder.EclipseLogger - skip non existing resourceDirectory C:\dev\react\isomorphic_spring\J2V8Test\src\main\resources
2017-03-13 00:48:10,485 [Worker-64] WARN  o.e.m.c.i.embedder.EclipseLogger - Using platform encoding (MS949 actually) to copy filtered resources, i.e. build is platform dependent!
2017-03-13 00:48:10,489 [Worker-64] INFO  o.e.m.c.i.embedder.EclipseLogger - skip non existing resourceDirectory C:\dev\react\isomorphic_spring\J2V8Test\src\test\resources
2017-03-13 00:48:25,153 [Worker-71] WARN  o.e.m.c.i.embedder.EclipseLogger - Using platform encoding (MS949 actually) to copy filtered resources, i.e. build is platform dependent!
2017-03-13 00:48:25,162 [Worker-71] INFO  o.e.m.c.i.embedder.EclipseLogger - skip non existing resourceDirectory C:\dev\react\isomorphic_spring\J2V8Test\src\main\resources
2017-03-13 00:48:25,167 [Worker-71] WARN  o.e.m.c.i.embedder.EclipseLogger - Using platform encoding (MS949 actually) to copy filtered resources, i.e. build is platform dependent!
2017-03-13 00:48:25,173 [Worker-71] INFO  o.e.m.c.i.embedder.EclipseLogger - skip non existing resourceDirectory C:\dev\react\isomorphic_spring\J2V8Test\src\test\resources
2017-03-13 00:49:04,344 [Worker-88] WARN  o.e.m.c.i.embedder.EclipseLogger - Using platform encoding (MS949 actually) to copy filtered resources, i.e. build is platform dependent!
2017-03-13 00:49:04,353 [Worker-88] INFO  o.e.m.c.i.embedder.EclipseLogger - skip non existing resourceDirectory C:\dev\react\isomorphic_spring\J2V8Test\src\main\resources
2017-03-13 00:49:04,354 [Worker-88] WARN  o.e.m.c.i.embedder.EclipseLogger - Using platform encoding (MS949 actually) to copy filtered resources, i.e. build is platform dependent!
2017-03-13 00:49:04,358 [Worker-88] INFO  o.e.m.c.i.embedder.EclipseLogger - skip non existing resourceDirectory C:\dev\react\isomorphic_spring\J2V8Test\src\test\resources
2017-03-13 00:49:31,987 [Worker-84] WARN  o.e.m.c.i.embedder.EclipseLogger - Using platform encoding (MS949 actually) to copy filtered resources, i.e. build is platform dependent!
2017-03-13 00:49:32,011 [Worker-84] INFO  o.e.m.c.i.embedder.EclipseLogger - skip non existing resourceDirectory C:\dev\react\isomorphic_spring\J2V8Test\src\main\resources
2017-03-13 00:49:32,019 [Worker-84] WARN  o.e.m.c.i.embedder.EclipseLogger - Using platform encoding (MS949 actually) to copy filtered resources, i.e. build is platform dependent!
2017-03-13 00:49:32,027 [Worker-84] INFO  o.e.m.c.i.embedder.EclipseLogger - skip non existing resourceDirectory C:\dev\react\isomorphic_spring\J2V8Test\src\test\resources
2017-03-13 00:52:43,775 [Worker-76] WARN  o.e.m.c.i.embedder.EclipseLogger - Using platform encoding (MS949 actually) to copy filtered resources, i.e. build is platform dependent!
2017-03-13 00:52:43,781 [Worker-76] INFO  o.e.m.c.i.embedder.EclipseLogger - skip non existing resourceDirectory C:\dev\react\isomorphic_spring\J2V8Test\src\main\resources
2017-03-13 00:52:43,783 [Worker-76] WARN  o.e.m.c.i.embedder.EclipseLogger - Using platform encoding (MS949 actually) to copy filtered resources, i.e. build is platform dependent!
2017-03-13 00:52:43,788 [Worker-76] INFO  o.e.m.c.i.embedder.EclipseLogger - skip non existing resourceDirectory C:\dev\react\isomorphic_spring\J2V8Test\src\test\resources
2017-03-13 00:53:13,173 [Worker-83] WARN  o.e.m.c.i.embedder.EclipseLogger - Using platform encoding (MS949 actually) to copy filtered resources, i.e. build is platform dependent!
2017-03-13 00:53:13,183 [Worker-83] INFO  o.e.m.c.i.embedder.EclipseLogger - skip non existing resourceDirectory C:\dev\react\isomorphic_spring\J2V8Test\src\main\resources
2017-03-13 00:53:13,188 [Worker-83] WARN  o.e.m.c.i.embedder.EclipseLogger - Using platform encoding (MS949 actually) to copy filtered resources, i.e. build is platform dependent!
2017-03-13 00:53:13,196 [Worker-83] INFO  o.e.m.c.i.embedder.EclipseLogger - skip non existing resourceDirectory C:\dev\react\isomorphic_spring\J2V8Test\src\test\resources
2017-03-13 00:53:34,648 [Worker-92] WARN  o.e.m.c.i.embedder.EclipseLogger - Using platform encoding (MS949 actually) to copy filtered resources, i.e. build is platform dependent!
2017-03-13 00:53:34,655 [Worker-92] INFO  o.e.m.c.i.embedder.EclipseLogger - skip non existing resourceDirectory C:\dev\react\isomorphic_spring\J2V8Test\src\main\resources
2017-03-13 00:53:34,656 [Worker-92] WARN  o.e.m.c.i.embedder.EclipseLogger - Using platform encoding (MS949 actually) to copy filtered resources, i.e. build is platform dependent!
2017-03-13 00:53:34,661 [Worker-92] INFO  o.e.m.c.i.embedder.EclipseLogger - skip non existing resourceDirectory C:\dev\react\isomorphic_spring\J2V8Test\src\test\resources
2017-03-13 00:54:15,560 [Worker-84] WARN  o.e.m.c.i.embedder.EclipseLogger - Using platform encoding (MS949 actually) to copy filtered resources, i.e. build is platform dependent!
2017-03-13 00:54:15,566 [Worker-84] INFO  o.e.m.c.i.embedder.EclipseLogger - skip non existing resourceDirectory C:\dev\react\isomorphic_spring\J2V8Test\src\main\resources
2017-03-13 00:54:15,569 [Worker-84] WARN  o.e.m.c.i.embedder.EclipseLogger - Using platform encoding (MS949 actually) to copy filtered resources, i.e. build is platform dependent!
2017-03-13 00:54:15,572 [Worker-84] INFO  o.e.m.c.i.embedder.EclipseLogger - skip non existing resourceDirectory C:\dev\react\isomorphic_spring\J2V8Test\src\test\resources
2017-03-13 00:54:47,869 [Worker-83] WARN  o.e.m.c.i.embedder.EclipseLogger - Using platform encoding (MS949 actually) to copy filtered resources, i.e. build is platform dependent!
2017-03-13 00:54:47,872 [Worker-83] INFO  o.e.m.c.i.embedder.EclipseLogger - skip non existing resourceDirectory C:\dev\react\isomorphic_spring\J2V8Test\src\main\resources
2017-03-13 00:54:47,873 [Worker-83] WARN  o.e.m.c.i.embedder.EclipseLogger - Using platform encoding (MS949 actually) to copy filtered resources, i.e. build is platform dependent!
2017-03-13 00:54:47,877 [Worker-83] INFO  o.e.m.c.i.embedder.EclipseLogger - skip non existing resourceDirectory C:\dev\react\isomorphic_spring\J2V8Test\src\test\resources
2017-03-13 00:55:16,357 [Worker-92] WARN  o.e.m.c.i.embedder.EclipseLogger - Using platform encoding (MS949 actually) to copy filtered resources, i.e. build is platform dependent!
2017-03-13 00:55:16,368 [Worker-92] INFO  o.e.m.c.i.embedder.EclipseLogger - skip non existing resourceDirectory C:\dev\react\isomorphic_spring\J2V8Test\src\main\resources
2017-03-13 00:55:16,373 [Worker-92] WARN  o.e.m.c.i.embedder.EclipseLogger - Using platform encoding (MS949 actually) to copy filtered resources, i.e. build is platform dependent!
2017-03-13 00:55:16,379 [Worker-92] INFO  o.e.m.c.i.embedder.EclipseLogger - skip non existing resourceDirectory C:\dev\react\isomorphic_spring\J2V8Test\src\test\resources
2017-03-13 00:55:28,292 [Worker-83] WARN  o.e.m.c.i.embedder.EclipseLogger - Using platform encoding (MS949 actually) to copy filtered resources, i.e. build is platform dependent!
2017-03-13 00:55:28,296 [Worker-83] INFO  o.e.m.c.i.embedder.EclipseLogger - skip non existing resourceDirectory C:\dev\react\isomorphic_spring\J2V8Test\src\main\resources
2017-03-13 00:55:28,297 [Worker-83] WARN  o.e.m.c.i.embedder.EclipseLogger - Using platform encoding (MS949 actually) to copy filtered resources, i.e. build is platform dependent!
2017-03-13 00:55:28,300 [Worker-83] INFO  o.e.m.c.i.embedder.EclipseLogger - skip non existing resourceDirectory C:\dev\react\isomorphic_spring\J2V8Test\src\test\resources
2017-03-13 00:56:03,294 [Worker-92] WARN  o.e.m.c.i.embedder.EclipseLogger - Using platform encoding (MS949 actually) to copy filtered resources, i.e. build is platform dependent!
2017-03-13 00:56:03,306 [Worker-92] INFO  o.e.m.c.i.embedder.EclipseLogger - skip non existing resourceDirectory C:\dev\react\isomorphic_spring\J2V8Test\src\main\resources
2017-03-13 00:56:03,311 [Worker-92] WARN  o.e.m.c.i.embedder.EclipseLogger - Using platform encoding (MS949 actually) to copy filtered resources, i.e. build is platform dependent!
2017-03-13 00:56:03,316 [Worker-92] INFO  o.e.m.c.i.embedder.EclipseLogger - skip non existing resourceDirectory C:\dev\react\isomorphic_spring\J2V8Test\src\test\resources
2017-03-13 00:56:26,732 [Worker-82] WARN  o.e.m.c.i.embedder.EclipseLogger - Using platform encoding (MS949 actually) to copy filtered resources, i.e. build is platform dependent!
2017-03-13 00:56:26,740 [Worker-82] INFO  o.e.m.c.i.embedder.EclipseLogger - skip non existing resourceDirectory C:\dev\react\isomorphic_spring\J2V8Test\src\main\resources
2017-03-13 00:56:26,741 [Worker-82] WARN  o.e.m.c.i.embedder.EclipseLogger - Using platform encoding (MS949 actually) to copy filtered resources, i.e. build is platform dependent!
2017-03-13 00:56:26,747 [Worker-82] INFO  o.e.m.c.i.embedder.EclipseLogger - skip non existing resourceDirectory C:\dev\react\isomorphic_spring\J2V8Test\src\test\resources
2017-03-13 00:56:41,564 [Worker-95] WARN  o.e.m.c.i.embedder.EclipseLogger - Using platform encoding (MS949 actually) to copy filtered resources, i.e. build is platform dependent!
2017-03-13 00:56:41,571 [Worker-95] INFO  o.e.m.c.i.embedder.EclipseLogger - skip non existing resourceDirectory C:\dev\react\isomorphic_spring\J2V8Test\src\main\resources
2017-03-13 00:56:41,574 [Worker-95] WARN  o.e.m.c.i.embedder.EclipseLogger - Using platform encoding (MS949 actually) to copy filtered resources, i.e. build is platform dependent!
2017-03-13 00:56:41,577 [Worker-95] INFO  o.e.m.c.i.embedder.EclipseLogger - skip non existing resourceDirectory C:\dev\react\isomorphic_spring\J2V8Test\src\test\resources
2017-03-13 00:57:06,401 [Worker-97] WARN  o.e.m.c.i.embedder.EclipseLogger - Using platform encoding (MS949 actually) to copy filtered resources, i.e. build is platform dependent!
2017-03-13 00:57:06,413 [Worker-97] INFO  o.e.m.c.i.embedder.EclipseLogger - skip non existing resourceDirectory C:\dev\react\isomorphic_spring\J2V8Test\src\main\resources
2017-03-13 00:57:06,414 [Worker-97] WARN  o.e.m.c.i.embedder.EclipseLogger - Using platform encoding (MS949 actually) to copy filtered resources, i.e. build is platform dependent!
2017-03-13 00:57:06,425 [Worker-97] INFO  o.e.m.c.i.embedder.EclipseLogger - skip non existing resourceDirectory C:\dev\react\isomorphic_spring\J2V8Test\src\test\resources
2017-03-13 00:57:21,792 [Worker-98] WARN  o.e.m.c.i.embedder.EclipseLogger - Using platform encoding (MS949 actually) to copy filtered resources, i.e. build is platform dependent!
2017-03-13 00:57:21,809 [Worker-98] INFO  o.e.m.c.i.embedder.EclipseLogger - skip non existing resourceDirectory C:\dev\react\isomorphic_spring\J2V8Test\src\main\resources
2017-03-13 00:57:21,816 [Worker-98] WARN  o.e.m.c.i.embedder.EclipseLogger - Using platform encoding (MS949 actually) to copy filtered resources, i.e. build is platform dependent!
2017-03-13 00:57:21,821 [Worker-98] INFO  o.e.m.c.i.embedder.EclipseLogger - skip non existing resourceDirectory C:\dev\react\isomorphic_spring\J2V8Test\src\test\resources
2017-03-13 00:57:32,993 [Worker-93] WARN  o.e.m.c.i.embedder.EclipseLogger - Using platform encoding (MS949 actually) to copy filtered resources, i.e. build is platform dependent!
2017-03-13 00:57:33,000 [Worker-93] INFO  o.e.m.c.i.embedder.EclipseLogger - skip non existing resourceDirectory C:\dev\react\isomorphic_spring\J2V8Test\src\main\resources
2017-03-13 00:57:33,001 [Worker-93] WARN  o.e.m.c.i.embedder.EclipseLogger - Using platform encoding (MS949 actually) to copy filtered resources, i.e. build is platform dependent!
2017-03-13 00:57:33,005 [Worker-93] INFO  o.e.m.c.i.embedder.EclipseLogger - skip non existing resourceDirectory C:\dev\react\isomorphic_spring\J2V8Test\src\test\resources
2017-03-13 00:57:41,529 [Worker-97] WARN  o.e.m.c.i.embedder.EclipseLogger - Using platform encoding (MS949 actually) to copy filtered resources, i.e. build is platform dependent!
2017-03-13 00:57:41,537 [Worker-97] INFO  o.e.m.c.i.embedder.EclipseLogger - skip non existing resourceDirectory C:\dev\react\isomorphic_spring\J2V8Test\src\main\resources
2017-03-13 00:57:41,542 [Worker-97] WARN  o.e.m.c.i.embedder.EclipseLogger - Using platform encoding (MS949 actually) to copy filtered resources, i.e. build is platform dependent!
2017-03-13 00:57:41,547 [Worker-97] INFO  o.e.m.c.i.embedder.EclipseLogger - skip non existing resourceDirectory C:\dev\react\isomorphic_spring\J2V8Test\src\test\resources
2017-03-13 00:57:53,271 [Worker-75] WARN  o.e.m.c.i.embedder.EclipseLogger - Using platform encoding (MS949 actually) to copy filtered resources, i.e. build is platform dependent!
2017-03-13 00:57:53,275 [Worker-75] INFO  o.e.m.c.i.embedder.EclipseLogger - skip non existing resourceDirectory C:\dev\react\isomorphic_spring\J2V8Test\src\main\resources
2017-03-13 00:57:53,275 [Worker-75] WARN  o.e.m.c.i.embedder.EclipseLogger - Using platform encoding (MS949 actually) to copy filtered resources, i.e. build is platform dependent!
2017-03-13 00:57:53,278 [Worker-75] INFO  o.e.m.c.i.embedder.EclipseLogger - skip non existing resourceDirectory C:\dev\react\isomorphic_spring\J2V8Test\src\test\resources
2017-03-13 00:58:07,609 [Worker-97] WARN  o.e.m.c.i.embedder.EclipseLogger - Using platform encoding (MS949 actually) to copy filtered resources, i.e. build is platform dependent!
2017-03-13 00:58:07,628 [Worker-97] INFO  o.e.m.c.i.embedder.EclipseLogger - skip non existing resourceDirectory C:\dev\react\isomorphic_spring\J2V8Test\src\main\resources
2017-03-13 00:58:07,636 [Worker-97] WARN  o.e.m.c.i.embedder.EclipseLogger - Using platform encoding (MS949 actually) to copy filtered resources, i.e. build is platform dependent!
2017-03-13 00:58:07,643 [Worker-97] INFO  o.e.m.c.i.embedder.EclipseLogger - skip non existing resourceDirectory C:\dev\react\isomorphic_spring\J2V8Test\src\test\resources
2017-03-13 00:59:05,842 [Worker-97] WARN  o.e.m.c.i.embedder.EclipseLogger - Using platform encoding (MS949 actually) to copy filtered resources, i.e. build is platform dependent!
2017-03-13 00:59:05,849 [Worker-97] INFO  o.e.m.c.i.embedder.EclipseLogger - skip non existing resourceDirectory C:\dev\react\isomorphic_spring\J2V8Test\src\main\resources
2017-03-13 00:59:05,850 [Worker-97] WARN  o.e.m.c.i.embedder.EclipseLogger - Using platform encoding (MS949 actually) to copy filtered resources, i.e. build is platform dependent!
2017-03-13 00:59:05,857 [Worker-97] INFO  o.e.m.c.i.embedder.EclipseLogger - skip non existing resourceDirectory C:\dev\react\isomorphic_spring\J2V8Test\src\test\resources
2017-03-13 00:59:28,129 [Worker-95] WARN  o.e.m.c.i.embedder.EclipseLogger - Using platform encoding (MS949 actually) to copy filtered resources, i.e. build is platform dependent!
2017-03-13 00:59:28,139 [Worker-95] INFO  o.e.m.c.i.embedder.EclipseLogger - skip non existing resourceDirectory C:\dev\react\isomorphic_spring\J2V8Test\src\main\resources
2017-03-13 00:59:28,144 [Worker-95] WARN  o.e.m.c.i.embedder.EclipseLogger - Using platform encoding (MS949 actually) to copy filtered resources, i.e. build is platform dependent!
2017-03-13 00:59:28,147 [Worker-95] INFO  o.e.m.c.i.embedder.EclipseLogger - skip non existing resourceDirectory C:\dev\react\isomorphic_spring\J2V8Test\src\test\resources
2017-03-13 00:59:33,805 [Worker-75] WARN  o.e.m.c.i.embedder.EclipseLogger - Using platform encoding (MS949 actually) to copy filtered resources, i.e. build is platform dependent!
2017-03-13 00:59:33,809 [Worker-75] INFO  o.e.m.c.i.embedder.EclipseLogger - skip non existing resourceDirectory C:\dev\react\isomorphic_spring\J2V8Test\src\main\resources
2017-03-13 00:59:33,810 [Worker-75] WARN  o.e.m.c.i.embedder.EclipseLogger - Using platform encoding (MS949 actually) to copy filtered resources, i.e. build is platform dependent!
2017-03-13 00:59:33,813 [Worker-75] INFO  o.e.m.c.i.embedder.EclipseLogger - skip non existing resourceDirectory C:\dev\react\isomorphic_spring\J2V8Test\src\test\resources
2017-03-13 00:59:40,352 [Worker-81] WARN  o.e.m.c.i.embedder.EclipseLogger - Using platform encoding (MS949 actually) to copy filtered resources, i.e. build is platform dependent!
2017-03-13 00:59:40,368 [Worker-81] INFO  o.e.m.c.i.embedder.EclipseLogger - skip non existing resourceDirectory C:\dev\react\isomorphic_spring\J2V8Test\src\main\resources
2017-03-13 00:59:40,377 [Worker-81] WARN  o.e.m.c.i.embedder.EclipseLogger - Using platform encoding (MS949 actually) to copy filtered resources, i.e. build is platform dependent!
2017-03-13 00:59:40,384 [Worker-81] INFO  o.e.m.c.i.embedder.EclipseLogger - skip non existing resourceDirectory C:\dev\react\isomorphic_spring\J2V8Test\src\test\resources
2017-03-13 00:59:51,197 [Worker-95] WARN  o.e.m.c.i.embedder.EclipseLogger - Using platform encoding (MS949 actually) to copy filtered resources, i.e. build is platform dependent!
2017-03-13 00:59:51,203 [Worker-95] INFO  o.e.m.c.i.embedder.EclipseLogger - skip non existing resourceDirectory C:\dev\react\isomorphic_spring\J2V8Test\src\main\resources
2017-03-13 00:59:51,204 [Worker-95] WARN  o.e.m.c.i.embedder.EclipseLogger - Using platform encoding (MS949 actually) to copy filtered resources, i.e. build is platform dependent!
2017-03-13 00:59:51,210 [Worker-95] INFO  o.e.m.c.i.embedder.EclipseLogger - skip non existing resourceDirectory C:\dev\react\isomorphic_spring\J2V8Test\src\test\resources
2017-03-13 01:02:36,301 [Worker-99] WARN  o.e.m.c.i.embedder.EclipseLogger - Using platform encoding (MS949 actually) to copy filtered resources, i.e. build is platform dependent!
2017-03-13 01:02:36,308 [Worker-99] INFO  o.e.m.c.i.embedder.EclipseLogger - skip non existing resourceDirectory C:\dev\react\isomorphic_spring\J2V8Test\src\main\resources
2017-03-13 01:02:36,312 [Worker-99] WARN  o.e.m.c.i.embedder.EclipseLogger - Using platform encoding (MS949 actually) to copy filtered resources, i.e. build is platform dependent!
2017-03-13 01:02:36,315 [Worker-99] INFO  o.e.m.c.i.embedder.EclipseLogger - skip non existing resourceDirectory C:\dev\react\isomorphic_spring\J2V8Test\src\test\resources
2017-03-13 01:03:17,130 [Worker-99] WARN  o.e.m.c.i.embedder.EclipseLogger - Using platform encoding (MS949 actually) to copy filtered resources, i.e. build is platform dependent!
2017-03-13 01:03:17,134 [Worker-99] INFO  o.e.m.c.i.embedder.EclipseLogger - skip non existing resourceDirectory C:\dev\react\isomorphic_spring\J2V8Test\src\main\resources
2017-03-13 01:03:17,134 [Worker-99] WARN  o.e.m.c.i.embedder.EclipseLogger - Using platform encoding (MS949 actually) to copy filtered resources, i.e. build is platform dependent!
2017-03-13 01:03:17,137 [Worker-99] INFO  o.e.m.c.i.embedder.EclipseLogger - skip non existing resourceDirectory C:\dev\react\isomorphic_spring\J2V8Test\src\test\resources
2017-03-13 01:03:32,759 [Worker-98] WARN  o.e.m.c.i.embedder.EclipseLogger - Using platform encoding (MS949 actually) to copy filtered resources, i.e. build is platform dependent!
2017-03-13 01:03:32,766 [Worker-98] INFO  o.e.m.c.i.embedder.EclipseLogger - skip non existing resourceDirectory C:\dev\react\isomorphic_spring\J2V8Test\src\main\resources
2017-03-13 01:03:32,770 [Worker-98] WARN  o.e.m.c.i.embedder.EclipseLogger - Using platform encoding (MS949 actually) to copy filtered resources, i.e. build is platform dependent!
2017-03-13 01:03:32,774 [Worker-98] INFO  o.e.m.c.i.embedder.EclipseLogger - skip non existing resourceDirectory C:\dev\react\isomorphic_spring\J2V8Test\src\test\resources
2017-03-13 01:03:44,790 [Worker-81] WARN  o.e.m.c.i.embedder.EclipseLogger - Using platform encoding (MS949 actually) to copy filtered resources, i.e. build is platform dependent!
2017-03-13 01:03:44,796 [Worker-81] INFO  o.e.m.c.i.embedder.EclipseLogger - skip non existing resourceDirectory C:\dev\react\isomorphic_spring\J2V8Test\src\main\resources
2017-03-13 01:03:44,797 [Worker-81] WARN  o.e.m.c.i.embedder.EclipseLogger - Using platform encoding (MS949 actually) to copy filtered resources, i.e. build is platform dependent!
2017-03-13 01:03:44,802 [Worker-81] INFO  o.e.m.c.i.embedder.EclipseLogger - skip non existing resourceDirectory C:\dev\react\isomorphic_spring\J2V8Test\src\test\resources
2017-03-13 01:03:57,804 [Worker-101] WARN  o.e.m.c.i.embedder.EclipseLogger - Using platform encoding (MS949 actually) to copy filtered resources, i.e. build is platform dependent!
2017-03-13 01:03:57,824 [Worker-101] INFO  o.e.m.c.i.embedder.EclipseLogger - skip non existing resourceDirectory C:\dev\react\isomorphic_spring\J2V8Test\src\main\resources
2017-03-13 01:03:57,834 [Worker-101] WARN  o.e.m.c.i.embedder.EclipseLogger - Using platform encoding (MS949 actually) to copy filtered resources, i.e. build is platform dependent!
2017-03-13 01:03:57,843 [Worker-101] INFO  o.e.m.c.i.embedder.EclipseLogger - skip non existing resourceDirectory C:\dev\react\isomorphic_spring\J2V8Test\src\test\resources
2017-03-13 01:04:37,118 [Worker-98] WARN  o.e.m.c.i.embedder.EclipseLogger - Using platform encoding (MS949 actually) to copy filtered resources, i.e. build is platform dependent!
2017-03-13 01:04:37,121 [Worker-98] INFO  o.e.m.c.i.embedder.EclipseLogger - skip non existing resourceDirectory C:\dev\react\isomorphic_spring\J2V8Test\src\main\resources
2017-03-13 01:04:37,122 [Worker-98] WARN  o.e.m.c.i.embedder.EclipseLogger - Using platform encoding (MS949 actually) to copy filtered resources, i.e. build is platform dependent!
2017-03-13 01:04:37,126 [Worker-98] INFO  o.e.m.c.i.embedder.EclipseLogger - skip non existing resourceDirectory C:\dev\react\isomorphic_spring\J2V8Test\src\test\resources
2017-03-13 01:05:51,176 [Worker-101] WARN  o.e.m.c.i.embedder.EclipseLogger - Using platform encoding (MS949 actually) to copy filtered resources, i.e. build is platform dependent!
2017-03-13 01:05:51,186 [Worker-101] INFO  o.e.m.c.i.embedder.EclipseLogger - skip non existing resourceDirectory C:\dev\react\isomorphic_spring\J2V8Test\src\main\resources
2017-03-13 01:05:51,190 [Worker-101] WARN  o.e.m.c.i.embedder.EclipseLogger - Using platform encoding (MS949 actually) to copy filtered resources, i.e. build is platform dependent!
2017-03-13 01:05:51,194 [Worker-101] INFO  o.e.m.c.i.embedder.EclipseLogger - skip non existing resourceDirectory C:\dev\react\isomorphic_spring\J2V8Test\src\test\resources
2017-03-13 01:05:54,594 [Worker-80] WARN  o.e.m.c.i.embedder.EclipseLogger - Using platform encoding (MS949 actually) to copy filtered resources, i.e. build is platform dependent!
2017-03-13 01:05:54,597 [Worker-80] INFO  o.e.m.c.i.embedder.EclipseLogger - skip non existing resourceDirectory C:\dev\react\isomorphic_spring\J2V8Test\src\main\resources
2017-03-13 01:05:54,598 [Worker-80] WARN  o.e.m.c.i.embedder.EclipseLogger - Using platform encoding (MS949 actually) to copy filtered resources, i.e. build is platform dependent!
2017-03-13 01:05:54,601 [Worker-80] INFO  o.e.m.c.i.embedder.EclipseLogger - skip non existing resourceDirectory C:\dev\react\isomorphic_spring\J2V8Test\src\test\resources
2017-03-13 01:06:12,135 [Worker-95] WARN  o.e.m.c.i.embedder.EclipseLogger - Using platform encoding (MS949 actually) to copy filtered resources, i.e. build is platform dependent!
2017-03-13 01:06:12,142 [Worker-95] INFO  o.e.m.c.i.embedder.EclipseLogger - skip non existing resourceDirectory C:\dev\react\isomorphic_spring\J2V8Test\src\main\resources
2017-03-13 01:06:12,145 [Worker-95] WARN  o.e.m.c.i.embedder.EclipseLogger - Using platform encoding (MS949 actually) to copy filtered resources, i.e. build is platform dependent!
2017-03-13 01:06:12,149 [Worker-95] INFO  o.e.m.c.i.embedder.EclipseLogger - skip non existing resourceDirectory C:\dev\react\isomorphic_spring\J2V8Test\src\test\resources
2017-03-13 01:41:36,409 [Worker-118] WARN  o.e.m.c.i.embedder.EclipseLogger - Using platform encoding (MS949 actually) to copy filtered resources, i.e. build is platform dependent!
2017-03-13 01:41:36,414 [Worker-118] INFO  o.e.m.c.i.embedder.EclipseLogger - skip non existing resourceDirectory C:\dev\react\isomorphic_spring\J2V8Test\src\main\resources
2017-03-13 01:41:36,415 [Worker-118] WARN  o.e.m.c.i.embedder.EclipseLogger - Using platform encoding (MS949 actually) to copy filtered resources, i.e. build is platform dependent!
2017-03-13 01:41:36,419 [Worker-118] INFO  o.e.m.c.i.embedder.EclipseLogger - skip non existing resourceDirectory C:\dev\react\isomorphic_spring\J2V8Test\src\test\resources
2017-03-13 01:41:52,412 [Worker-118] WARN  o.e.m.c.i.embedder.EclipseLogger - Using platform encoding (MS949 actually) to copy filtered resources, i.e. build is platform dependent!
2017-03-13 01:41:52,420 [Worker-118] INFO  o.e.m.c.i.embedder.EclipseLogger - skip non existing resourceDirectory C:\dev\react\isomorphic_spring\nashornTest\src\main\resources
2017-03-13 01:41:52,424 [Worker-118] WARN  o.e.m.c.i.embedder.EclipseLogger - Using platform encoding (MS949 actually) to copy filtered resources, i.e. build is platform dependent!
2017-03-13 01:41:52,429 [Worker-118] INFO  o.e.m.c.i.embedder.EclipseLogger - skip non existing resourceDirectory C:\dev\react\isomorphic_spring\nashornTest\src\test\resources
2017-03-13 01:42:10,703 [Worker-119] WARN  o.e.m.c.i.embedder.EclipseLogger - Using platform encoding (MS949 actually) to copy filtered resources, i.e. build is platform dependent!
2017-03-13 01:42:10,708 [Worker-119] INFO  o.e.m.c.i.embedder.EclipseLogger - skip non existing resourceDirectory C:\dev\react\isomorphic_spring\nashornTest\src\main\resources
2017-03-13 01:42:10,709 [Worker-119] WARN  o.e.m.c.i.embedder.EclipseLogger - Using platform encoding (MS949 actually) to copy filtered resources, i.e. build is platform dependent!
2017-03-13 01:42:10,713 [Worker-119] INFO  o.e.m.c.i.embedder.EclipseLogger - skip non existing resourceDirectory C:\dev\react\isomorphic_spring\nashornTest\src\test\resources
2017-03-13 01:42:19,972 [Worker-122] WARN  o.e.m.c.i.embedder.EclipseLogger - Using platform encoding (MS949 actually) to copy filtered resources, i.e. build is platform dependent!
2017-03-13 01:42:19,979 [Worker-122] INFO  o.e.m.c.i.embedder.EclipseLogger - skip non existing resourceDirectory C:\dev\react\isomorphic_spring\nashornTest\src\main\resources
2017-03-13 01:42:19,983 [Worker-122] WARN  o.e.m.c.i.embedder.EclipseLogger - Using platform encoding (MS949 actually) to copy filtered resources, i.e. build is platform dependent!
2017-03-13 01:42:19,986 [Worker-122] INFO  o.e.m.c.i.embedder.EclipseLogger - skip non existing resourceDirectory C:\dev\react\isomorphic_spring\nashornTest\src\test\resources
2017-03-13 01:43:13,831 [Worker-121] WARN  o.e.m.c.i.embedder.EclipseLogger - Using platform encoding (MS949 actually) to copy filtered resources, i.e. build is platform dependent!
2017-03-13 01:43:13,835 [Worker-121] INFO  o.e.m.c.i.embedder.EclipseLogger - skip non existing resourceDirectory C:\dev\react\isomorphic_spring\J2V8Test\src\main\resources
2017-03-13 01:43:13,836 [Worker-121] WARN  o.e.m.c.i.embedder.EclipseLogger - Using platform encoding (MS949 actually) to copy filtered resources, i.e. build is platform dependent!
2017-03-13 01:43:13,839 [Worker-121] INFO  o.e.m.c.i.embedder.EclipseLogger - skip non existing resourceDirectory C:\dev\react\isomorphic_spring\J2V8Test\src\test\resources
2017-03-13 01:43:42,281 [Worker-120] WARN  o.e.m.c.i.embedder.EclipseLogger - Using platform encoding (MS949 actually) to copy filtered resources, i.e. build is platform dependent!
2017-03-13 01:43:42,288 [Worker-120] INFO  o.e.m.c.i.embedder.EclipseLogger - skip non existing resourceDirectory C:\dev\react\isomorphic_spring\J2V8Test\src\main\resources
2017-03-13 01:43:42,292 [Worker-120] WARN  o.e.m.c.i.embedder.EclipseLogger - Using platform encoding (MS949 actually) to copy filtered resources, i.e. build is platform dependent!
2017-03-13 01:43:42,296 [Worker-120] INFO  o.e.m.c.i.embedder.EclipseLogger - skip non existing resourceDirectory C:\dev\react\isomorphic_spring\J2V8Test\src\test\resources
2017-03-13 01:44:23,395 [Worker-113] WARN  o.e.m.c.i.embedder.EclipseLogger - Using platform encoding (MS949 actually) to copy filtered resources, i.e. build is platform dependent!
2017-03-13 01:44:23,399 [Worker-113] INFO  o.e.m.c.i.embedder.EclipseLogger - skip non existing resourceDirectory C:\dev\react\isomorphic_spring\J2V8Test\src\main\resources
2017-03-13 01:44:23,399 [Worker-113] WARN  o.e.m.c.i.embedder.EclipseLogger - Using platform encoding (MS949 actually) to copy filtered resources, i.e. build is platform dependent!
2017-03-13 01:44:23,406 [Worker-113] INFO  o.e.m.c.i.embedder.EclipseLogger - skip non existing resourceDirectory C:\dev\react\isomorphic_spring\J2V8Test\src\test\resources
2017-03-13 01:44:33,463 [Worker-122] WARN  o.e.m.c.i.embedder.EclipseLogger - Using platform encoding (MS949 actually) to copy filtered resources, i.e. build is platform dependent!
2017-03-13 01:44:33,478 [Worker-122] INFO  o.e.m.c.i.embedder.EclipseLogger - skip non existing resourceDirectory C:\dev\react\isomorphic_spring\J2V8Test\src\main\resources
2017-03-13 01:44:33,485 [Worker-122] WARN  o.e.m.c.i.embedder.EclipseLogger - Using platform encoding (MS949 actually) to copy filtered resources, i.e. build is platform dependent!
2017-03-13 01:44:33,489 [Worker-122] INFO  o.e.m.c.i.embedder.EclipseLogger - skip non existing resourceDirectory C:\dev\react\isomorphic_spring\J2V8Test\src\test\resources
2017-03-19 18:31:26,241 [Worker-18] WARN  o.e.m.c.i.embedder.EclipseLogger - Using platform encoding (MS949 actually) to copy filtered resources, i.e. build is platform dependent!
2017-03-19 18:31:26,249 [Worker-18] INFO  o.e.m.c.i.embedder.EclipseLogger - skip non existing resourceDirectory C:\dev\react\isomorphic_spring\nashornTest\src\main\resources
2017-03-19 18:31:26,250 [Worker-18] WARN  o.e.m.c.i.embedder.EclipseLogger - Using platform encoding (MS949 actually) to copy filtered resources, i.e. build is platform dependent!
2017-03-19 18:31:26,254 [Worker-18] INFO  o.e.m.c.i.embedder.EclipseLogger - skip non existing resourceDirectory C:\dev\react\isomorphic_spring\nashornTest\src\test\resources
2017-03-19 18:35:09,993 [Worker-18] WARN  o.e.m.c.i.embedder.EclipseLogger - Using platform encoding (MS949 actually) to copy filtered resources, i.e. build is platform dependent!
2017-03-19 18:35:09,999 [Worker-18] INFO  o.e.m.c.i.embedder.EclipseLogger - skip non existing resourceDirectory C:\dev\react\isomorphic_spring\nashornTest\src\main\resources
2017-03-19 18:35:10,000 [Worker-18] WARN  o.e.m.c.i.embedder.EclipseLogger - Using platform encoding (MS949 actually) to copy filtered resources, i.e. build is platform dependent!
2017-03-19 18:35:10,004 [Worker-18] INFO  o.e.m.c.i.embedder.EclipseLogger - skip non existing resourceDirectory C:\dev\react\isomorphic_spring\nashornTest\src\test\resources
2017-03-19 18:35:57,986 [Worker-17] WARN  o.e.m.c.i.embedder.EclipseLogger - Using platform encoding (MS949 actually) to copy filtered resources, i.e. build is platform dependent!
2017-03-19 18:35:57,990 [Worker-17] INFO  o.e.m.c.i.embedder.EclipseLogger - skip non existing resourceDirectory C:\dev\react\isomorphic_spring\nashornTest\src\main\resources
2017-03-19 18:35:57,991 [Worker-17] WARN  o.e.m.c.i.embedder.EclipseLogger - Using platform encoding (MS949 actually) to copy filtered resources, i.e. build is platform dependent!
2017-03-19 18:35:57,995 [Worker-17] INFO  o.e.m.c.i.embedder.EclipseLogger - skip non existing resourceDirectory C:\dev\react\isomorphic_spring\nashornTest\src\test\resources
2017-03-19 18:36:28,009 [Worker-18] WARN  o.e.m.c.i.embedder.EclipseLogger - Using platform encoding (MS949 actually) to copy filtered resources, i.e. build is platform dependent!
2017-03-19 18:36:28,014 [Worker-18] INFO  o.e.m.c.i.embedder.EclipseLogger - skip non existing resourceDirectory C:\dev\react\isomorphic_spring\nashornTest\src\main\resources
2017-03-19 18:36:28,015 [Worker-18] WARN  o.e.m.c.i.embedder.EclipseLogger - Using platform encoding (MS949 actually) to copy filtered resources, i.e. build is platform dependent!
2017-03-19 18:36:28,019 [Worker-18] INFO  o.e.m.c.i.embedder.EclipseLogger - skip non existing resourceDirectory C:\dev\react\isomorphic_spring\nashornTest\src\test\resources
2017-03-19 18:54:09,394 [Worker-34] WARN  o.e.m.c.i.embedder.EclipseLogger - Using platform encoding (MS949 actually) to copy filtered resources, i.e. build is platform dependent!
2017-03-19 18:54:09,399 [Worker-34] INFO  o.e.m.c.i.embedder.EclipseLogger - skip non existing resourceDirectory C:\dev\react\isomorphic_spring\J2V8Test\src\main\resources
2017-03-19 18:54:09,400 [Worker-34] WARN  o.e.m.c.i.embedder.EclipseLogger - Using platform encoding (MS949 actually) to copy filtered resources, i.e. build is platform dependent!
2017-03-19 18:54:09,406 [Worker-34] INFO  o.e.m.c.i.embedder.EclipseLogger - skip non existing resourceDirectory C:\dev\react\isomorphic_spring\J2V8Test\src\test\resources
2017-03-19 18:54:34,331 [Worker-34] WARN  o.e.m.c.i.embedder.EclipseLogger - Using platform encoding (MS949 actually) to copy filtered resources, i.e. build is platform dependent!
2017-03-19 18:54:34,338 [Worker-34] INFO  o.e.m.c.i.embedder.EclipseLogger - skip non existing resourceDirectory C:\dev\react\isomorphic_spring\J2V8Test\src\main\resources
2017-03-19 18:54:34,342 [Worker-34] WARN  o.e.m.c.i.embedder.EclipseLogger - Using platform encoding (MS949 actually) to copy filtered resources, i.e. build is platform dependent!
2017-03-19 18:54:34,346 [Worker-34] INFO  o.e.m.c.i.embedder.EclipseLogger - skip non existing resourceDirectory C:\dev\react\isomorphic_spring\J2V8Test\src\test\resources
2017-03-19 18:54:42,455 [Worker-33] WARN  o.e.m.c.i.embedder.EclipseLogger - Using platform encoding (MS949 actually) to copy filtered resources, i.e. build is platform dependent!
2017-03-19 18:54:42,460 [Worker-33] INFO  o.e.m.c.i.embedder.EclipseLogger - skip non existing resourceDirectory C:\dev\react\isomorphic_spring\J2V8Test\src\main\resources
2017-03-19 18:54:42,461 [Worker-33] WARN  o.e.m.c.i.embedder.EclipseLogger - Using platform encoding (MS949 actually) to copy filtered resources, i.e. build is platform dependent!
2017-03-19 18:54:42,464 [Worker-33] INFO  o.e.m.c.i.embedder.EclipseLogger - skip non existing resourceDirectory C:\dev\react\isomorphic_spring\J2V8Test\src\test\resources
2017-03-19 18:54:49,368 [Worker-33] INFO  o.e.m.c.i.l.LifecycleMappingFactory - Using org.eclipse.m2e.jdt.JarLifecycleMapping lifecycle mapping for MavenProject: J2V8Test:J2V8Test:0.0.1-SNAPSHOT @ C:\dev\react\isomorphic_spring\J2V8Test\pom.xml.
2017-03-19 18:54:49,509 [Worker-33] WARN  o.e.m.c.i.embedder.EclipseLogger - Using platform encoding (MS949 actually) to copy filtered resources, i.e. build is platform dependent!
2017-03-19 18:54:49,517 [Worker-33] INFO  o.e.m.c.i.embedder.EclipseLogger - skip non existing resourceDirectory C:\dev\react\isomorphic_spring\J2V8Test\src\main\resources
2017-03-19 18:54:49,522 [Worker-33] WARN  o.e.m.c.i.embedder.EclipseLogger - Using platform encoding (MS949 actually) to copy filtered resources, i.e. build is platform dependent!
2017-03-19 18:54:49,529 [Worker-33] INFO  o.e.m.c.i.embedder.EclipseLogger - skip non existing resourceDirectory C:\dev\react\isomorphic_spring\J2V8Test\src\test\resources
2017-03-19 18:55:19,916 [Worker-34] WARN  o.e.m.c.i.embedder.EclipseLogger - Using platform encoding (MS949 actually) to copy filtered resources, i.e. build is platform dependent!
2017-03-19 18:55:19,920 [Worker-34] INFO  o.e.m.c.i.embedder.EclipseLogger - skip non existing resourceDirectory C:\dev\react\isomorphic_spring\J2V8Test\src\main\resources
2017-03-19 18:55:19,921 [Worker-34] WARN  o.e.m.c.i.embedder.EclipseLogger - Using platform encoding (MS949 actually) to copy filtered resources, i.e. build is platform dependent!
2017-03-19 18:55:19,927 [Worker-34] INFO  o.e.m.c.i.embedder.EclipseLogger - skip non existing resourceDirectory C:\dev\react\isomorphic_spring\J2V8Test\src\test\resources
2017-03-19 18:55:44,566 [Worker-34] WARN  o.e.m.c.i.embedder.EclipseLogger - Using platform encoding (MS949 actually) to copy filtered resources, i.e. build is platform dependent!
2017-03-19 18:55:44,574 [Worker-34] INFO  o.e.m.c.i.embedder.EclipseLogger - skip non existing resourceDirectory C:\dev\react\isomorphic_spring\J2V8Test\src\main\resources
2017-03-19 18:55:44,578 [Worker-34] WARN  o.e.m.c.i.embedder.EclipseLogger - Using platform encoding (MS949 actually) to copy filtered resources, i.e. build is platform dependent!
2017-03-19 18:55:44,584 [Worker-34] INFO  o.e.m.c.i.embedder.EclipseLogger - skip non existing resourceDirectory C:\dev\react\isomorphic_spring\J2V8Test\src\test\resources
2017-03-19 18:56:18,183 [Worker-37] WARN  o.e.m.c.i.embedder.EclipseLogger - Using platform encoding (MS949 actually) to copy filtered resources, i.e. build is platform dependent!
2017-03-19 18:56:18,188 [Worker-37] INFO  o.e.m.c.i.embedder.EclipseLogger - skip non existing resourceDirectory C:\dev\react\isomorphic_spring\J2V8Test\src\main\resources
2017-03-19 18:56:18,190 [Worker-37] WARN  o.e.m.c.i.embedder.EclipseLogger - Using platform encoding (MS949 actually) to copy filtered resources, i.e. build is platform dependent!
2017-03-19 18:56:18,200 [Worker-37] INFO  o.e.m.c.i.embedder.EclipseLogger - skip non existing resourceDirectory C:\dev\react\isomorphic_spring\J2V8Test\src\test\resources
2017-03-19 18:56:32,857 [Worker-29] WARN  o.e.m.c.i.embedder.EclipseLogger - Using platform encoding (MS949 actually) to copy filtered resources, i.e. build is platform dependent!
2017-03-19 18:56:32,870 [Worker-29] INFO  o.e.m.c.i.embedder.EclipseLogger - skip non existing resourceDirectory C:\dev\react\isomorphic_spring\J2V8Test\src\main\resources
2017-03-19 18:56:32,875 [Worker-29] WARN  o.e.m.c.i.embedder.EclipseLogger - Using platform encoding (MS949 actually) to copy filtered resources, i.e. build is platform dependent!
2017-03-19 18:56:32,883 [Worker-29] INFO  o.e.m.c.i.embedder.EclipseLogger - skip non existing resourceDirectory C:\dev\react\isomorphic_spring\J2V8Test\src\test\resources
2017-03-19 19:00:39,320 [Worker-33] WARN  o.e.m.c.i.embedder.EclipseLogger - Using platform encoding (MS949 actually) to copy filtered resources, i.e. build is platform dependent!
2017-03-19 19:00:39,324 [Worker-33] INFO  o.e.m.c.i.embedder.EclipseLogger - skip non existing resourceDirectory C:\dev\react\isomorphic_spring\J2V8Test\src\main\resources
2017-03-19 19:00:39,326 [Worker-33] WARN  o.e.m.c.i.embedder.EclipseLogger - Using platform encoding (MS949 actually) to copy filtered resources, i.e. build is platform dependent!
2017-03-19 19:00:39,331 [Worker-33] INFO  o.e.m.c.i.embedder.EclipseLogger - skip non existing resourceDirectory C:\dev\react\isomorphic_spring\J2V8Test\src\test\resources
2017-03-19 19:37:47,504 [Worker-47] WARN  o.e.m.c.i.embedder.EclipseLogger - Using platform encoding (MS949 actually) to copy filtered resources, i.e. build is platform dependent!
2017-03-19 19:37:47,512 [Worker-47] INFO  o.e.m.c.i.embedder.EclipseLogger - skip non existing resourceDirectory C:\dev\react\isomorphic_spring\J2V8Test\src\main\resources
2017-03-19 19:37:47,515 [Worker-47] WARN  o.e.m.c.i.embedder.EclipseLogger - Using platform encoding (MS949 actually) to copy filtered resources, i.e. build is platform dependent!
2017-03-19 19:37:47,521 [Worker-47] INFO  o.e.m.c.i.embedder.EclipseLogger - skip non existing resourceDirectory C:\dev\react\isomorphic_spring\J2V8Test\src\test\resources
2017-03-19 19:37:54,450 [Worker-51] WARN  o.e.m.c.i.embedder.EclipseLogger - Using platform encoding (MS949 actually) to copy filtered resources, i.e. build is platform dependent!
2017-03-19 19:37:54,454 [Worker-51] INFO  o.e.m.c.i.embedder.EclipseLogger - skip non existing resourceDirectory C:\dev\react\isomorphic_spring\J2V8Test\src\main\resources
2017-03-19 19:37:54,455 [Worker-51] WARN  o.e.m.c.i.embedder.EclipseLogger - Using platform encoding (MS949 actually) to copy filtered resources, i.e. build is platform dependent!
2017-03-19 19:37:54,460 [Worker-51] INFO  o.e.m.c.i.embedder.EclipseLogger - skip non existing resourceDirectory C:\dev\react\isomorphic_spring\J2V8Test\src\test\resources
